<?xml version="1.0" encoding="utf-8"?>
<CoverageSession xmlns:xsd="http://www.w3.org/2001/XMLSchema" xmlns:xsi="http://www.w3.org/2001/XMLSchema-instance" Version="4.7.922.0">
  <Summary numSequencePoints="484" visitedSequencePoints="0" numBranchPoints="145" visitedBranchPoints="0" sequenceCoverage="0" branchCoverage="0" maxCyclomaticComplexity="8" minCyclomaticComplexity="1" maxCrapScore="72" minCrapScore="2" visitedClasses="0" numClasses="11" visitedMethods="0" numMethods="71" />
  <Modules>
    <Module hash="B1-34-EB-EC-16-FF-76-44-E4-F3-06-21-FC-F7-71-A2-50-F6-63-7D">
      <Summary numSequencePoints="484" visitedSequencePoints="0" numBranchPoints="145" visitedBranchPoints="0" sequenceCoverage="0" branchCoverage="0" maxCyclomaticComplexity="8" minCyclomaticComplexity="1" maxCrapScore="72" minCrapScore="2" visitedClasses="0" numClasses="11" visitedMethods="0" numMethods="71" />
      <ModulePath>C:\Users\alexc\source\repos\StoreWPF\StoreWPF\bin\Debug\fine-code-coverage\build-output\StoreWPF.exe</ModulePath>
      <ModuleTime>2023-12-15T22:25:39.2149101Z</ModuleTime>
      <ModuleName>StoreWPF</ModuleName>
      <Files>
        <File uid="1" fullPath="C:\Users\alexc\source\repos\StoreWPF\StoreWPF\Cart.xaml.cs" />
        <File uid="3" fullPath="C:\Users\alexc\source\repos\StoreWPF\StoreWPF\Product.cs" />
        <File uid="4" fullPath="C:\Users\alexc\source\repos\StoreWPF\StoreWPF\ProductInCart.cs" />
        <File uid="5" fullPath="C:\Users\alexc\source\repos\StoreWPF\StoreWPF\Registration.xaml.cs" />
        <File uid="7" fullPath="C:\Users\alexc\source\repos\StoreWPF\StoreWPF\Repository.cs" />
        <File uid="8" fullPath="C:\Users\alexc\source\repos\StoreWPF\StoreWPF\User.cs" />
        <File uid="9" fullPath="C:\Users\alexc\source\repos\StoreWPF\StoreWPF\UserControlStore.xaml.cs" />
        <File uid="12" fullPath="C:\Users\alexc\source\repos\StoreWPF\StoreWPF\WorckerForm.xaml.cs" />
        <File uid="16" fullPath="C:\Users\alexc\source\repos\StoreWPF\StoreWPF\Authorization.xaml.cs" />
        <File uid="18" fullPath="C:\Users\alexc\source\repos\StoreWPF\StoreWPF\MainWindow.xaml.cs" />
      </Files>
      <Classes>
        <Class>
          <Summary numSequencePoints="23" visitedSequencePoints="0" numBranchPoints="4" visitedBranchPoints="0" sequenceCoverage="0" branchCoverage="0" maxCyclomaticComplexity="3" minCyclomaticComplexity="1" maxCrapScore="12" minCrapScore="2" visitedClasses="0" numClasses="1" visitedMethods="0" numMethods="2" />
          <FullName>StoreWPF.Cart</FullName>
          <Methods>
            <Method visited="false" cyclomaticComplexity="1" nPathComplexity="0" sequenceCoverage="0" branchCoverage="0" crapScore="2" isConstructor="true" isStatic="false" isGetter="false" isSetter="false">
              <Summary numSequencePoints="5" visitedSequencePoints="0" numBranchPoints="1" visitedBranchPoints="0" sequenceCoverage="0" branchCoverage="0" maxCyclomaticComplexity="1" minCyclomaticComplexity="1" maxCrapScore="2" minCrapScore="2" visitedClasses="0" numClasses="0" visitedMethods="0" numMethods="1" />
              <MetadataToken>100663297</MetadataToken>
              <Name>System.Void StoreWPF.Cart::.ctor()</Name>
              <FileRef uid="1" />
              <SequencePoints>
                <SequencePoint vc="0" uspid="1" ordinal="0" offset="0" sl="22" sc="9" el="22" ec="22" bec="0" bev="0" fileid="1" />
                <SequencePoint vc="0" uspid="2" ordinal="1" offset="7" sl="23" sc="9" el="23" ec="10" bec="0" bev="0" fileid="1" />
                <SequencePoint vc="0" uspid="3" ordinal="2" offset="8" sl="24" sc="13" el="24" ec="35" bec="0" bev="0" fileid="1" />
                <SequencePoint vc="0" uspid="4" ordinal="3" offset="15" sl="25" sc="13" el="25" ec="31" bec="0" bev="0" fileid="1" />
                <SequencePoint vc="0" uspid="5" ordinal="4" offset="22" sl="26" sc="9" el="26" ec="10" bec="0" bev="0" fileid="1" />
              </SequencePoints>
              <BranchPoints />
              <MethodPoint xsi:type="SequencePoint" vc="0" uspid="1" ordinal="0" offset="0" sl="22" sc="9" el="22" ec="22" bec="0" bev="0" fileid="1" />
            </Method>
            <Method visited="false" cyclomaticComplexity="3" nPathComplexity="2" sequenceCoverage="0" branchCoverage="0" crapScore="12" isConstructor="false" isStatic="false" isGetter="false" isSetter="false">
              <Summary numSequencePoints="18" visitedSequencePoints="0" numBranchPoints="3" visitedBranchPoints="0" sequenceCoverage="0" branchCoverage="0" maxCyclomaticComplexity="3" minCyclomaticComplexity="3" maxCrapScore="12" minCrapScore="12" visitedClasses="0" numClasses="0" visitedMethods="0" numMethods="1" />
              <MetadataToken>100663298</MetadataToken>
              <Name>System.Void StoreWPF.Cart::ShowDisplayCart()</Name>
              <FileRef uid="1" />
              <SequencePoints>
                <SequencePoint vc="0" uspid="6" ordinal="0" offset="0" sl="34" sc="9" el="34" ec="10" bec="0" bev="0" fileid="1" />
                <SequencePoint vc="0" uspid="7" ordinal="1" offset="1" sl="35" sc="13" el="35" ec="54" bec="0" bev="0" fileid="1" />
                <SequencePoint vc="0" uspid="8" ordinal="2" offset="7" sl="36" sc="13" el="36" ec="40" bec="0" bev="0" fileid="1" />
                <SequencePoint vc="0" uspid="9" ordinal="3" offset="24" sl="37" sc="13" el="37" ec="39" bec="0" bev="0" fileid="1" />
                <SequencePoint vc="0" uspid="10" ordinal="4" offset="31" sl="38" sc="12" el="38" ec="19" bec="0" bev="0" fileid="1" />
                <SequencePoint vc="0" uspid="11" ordinal="5" offset="32" sl="38" sc="33" el="38" ec="58" bec="0" bev="0" fileid="1" />
                <SequencePoint vc="0" uspid="12" ordinal="6" offset="45" sl="38" sc="21" el="38" ec="29" bec="0" bev="0" fileid="1" />
                <SequencePoint vc="0" uspid="13" ordinal="7" offset="53" sl="39" sc="12" el="39" ec="13" bec="0" bev="0" fileid="1" />
                <SequencePoint vc="0" uspid="14" ordinal="8" offset="54" sl="40" sc="16" el="40" ec="59" bec="2" bev="0" fileid="1" />
                <SequencePoint vc="0" uspid="15" ordinal="9" offset="71" sl="41" sc="16" el="41" ec="17" bec="0" bev="0" fileid="1" />
                <SequencePoint vc="0" uspid="16" ordinal="10" offset="72" sl="42" sc="20" el="42" ec="83" bec="0" bev="0" fileid="1" />
                <SequencePoint vc="0" uspid="17" ordinal="11" offset="80" sl="43" sc="20" el="43" ec="82" bec="0" bev="0" fileid="1" />
                <SequencePoint vc="0" uspid="18" ordinal="12" offset="94" sl="44" sc="20" el="44" ec="61" bec="0" bev="0" fileid="1" />
                <SequencePoint vc="0" uspid="19" ordinal="13" offset="106" sl="45" sc="20" el="45" ec="61" bec="0" bev="0" fileid="1" />
                <SequencePoint vc="0" uspid="20" ordinal="14" offset="125" sl="46" sc="16" el="46" ec="17" bec="0" bev="0" fileid="1" />
                <SequencePoint vc="0" uspid="21" ordinal="15" offset="126" sl="47" sc="12" el="47" ec="13" bec="0" bev="0" fileid="1" />
                <SequencePoint vc="0" uspid="22" ordinal="16" offset="127" sl="38" sc="30" el="38" ec="32" bec="0" bev="0" fileid="1" />
                <SequencePoint vc="0" uspid="23" ordinal="17" offset="153" sl="48" sc="9" el="48" ec="10" bec="0" bev="0" fileid="1" />
              </SequencePoints>
              <BranchPoints>
                <BranchPoint vc="0" uspid="24" ordinal="0" offset="69" sl="40" path="0" offsetend="71" fileid="1" />
                <BranchPoint vc="0" uspid="25" ordinal="1" offset="69" sl="40" path="1" offsetend="126" fileid="1" />
              </BranchPoints>
              <MethodPoint xsi:type="SequencePoint" vc="0" uspid="6" ordinal="0" offset="0" sl="34" sc="9" el="34" ec="10" bec="0" bev="0" fileid="1" />
            </Method>
          </Methods>
        </Class>
        <Class>
          <Summary numSequencePoints="45" visitedSequencePoints="0" numBranchPoints="13" visitedBranchPoints="0" sequenceCoverage="0" branchCoverage="0" maxCyclomaticComplexity="1" minCyclomaticComplexity="1" maxCrapScore="2" minCrapScore="2" visitedClasses="0" numClasses="1" visitedMethods="0" numMethods="13" />
          <FullName>StoreWPF.Product</FullName>
          <Methods>
            <Method visited="false" cyclomaticComplexity="1" nPathComplexity="0" sequenceCoverage="0" branchCoverage="0" crapScore="2" isConstructor="false" isStatic="false" isGetter="true" isSetter="false">
              <Summary numSequencePoints="3" visitedSequencePoints="0" numBranchPoints="1" visitedBranchPoints="0" sequenceCoverage="0" branchCoverage="0" maxCyclomaticComplexity="1" minCyclomaticComplexity="1" maxCrapScore="2" minCrapScore="2" visitedClasses="0" numClasses="0" visitedMethods="0" numMethods="1" />
              <MetadataToken>100663301</MetadataToken>
              <Name>System.Int32 StoreWPF.Product::get_Id()</Name>
              <FileRef uid="3" />
              <SequencePoints>
                <SequencePoint vc="0" uspid="28" ordinal="0" offset="0" sl="14" sc="17" el="14" ec="18" bec="0" bev="0" fileid="3" />
                <SequencePoint vc="0" uspid="29" ordinal="1" offset="1" sl="14" sc="19" el="14" ec="29" bec="0" bev="0" fileid="3" />
                <SequencePoint vc="0" uspid="30" ordinal="2" offset="10" sl="14" sc="30" el="14" ec="31" bec="0" bev="0" fileid="3" />
              </SequencePoints>
              <BranchPoints />
              <MethodPoint xsi:type="SequencePoint" vc="0" uspid="28" ordinal="0" offset="0" sl="14" sc="17" el="14" ec="18" bec="0" bev="0" fileid="3" />
            </Method>
            <Method visited="false" cyclomaticComplexity="1" nPathComplexity="0" sequenceCoverage="0" branchCoverage="0" crapScore="2" isConstructor="false" isStatic="false" isGetter="false" isSetter="true">
              <Summary numSequencePoints="3" visitedSequencePoints="0" numBranchPoints="1" visitedBranchPoints="0" sequenceCoverage="0" branchCoverage="0" maxCyclomaticComplexity="1" minCyclomaticComplexity="1" maxCrapScore="2" minCrapScore="2" visitedClasses="0" numClasses="0" visitedMethods="0" numMethods="1" />
              <MetadataToken>100663302</MetadataToken>
              <Name>System.Void StoreWPF.Product::set_Id(System.Int32)</Name>
              <FileRef uid="3" />
              <SequencePoints>
                <SequencePoint vc="0" uspid="31" ordinal="0" offset="0" sl="15" sc="17" el="15" ec="18" bec="0" bev="0" fileid="3" />
                <SequencePoint vc="0" uspid="32" ordinal="1" offset="1" sl="15" sc="19" el="15" ec="30" bec="0" bev="0" fileid="3" />
                <SequencePoint vc="0" uspid="33" ordinal="2" offset="8" sl="15" sc="31" el="15" ec="32" bec="0" bev="0" fileid="3" />
              </SequencePoints>
              <BranchPoints />
              <MethodPoint xsi:type="SequencePoint" vc="0" uspid="31" ordinal="0" offset="0" sl="15" sc="17" el="15" ec="18" bec="0" bev="0" fileid="3" />
            </Method>
            <Method visited="false" cyclomaticComplexity="1" nPathComplexity="0" sequenceCoverage="0" branchCoverage="0" crapScore="2" isConstructor="false" isStatic="false" isGetter="true" isSetter="false">
              <Summary numSequencePoints="3" visitedSequencePoints="0" numBranchPoints="1" visitedBranchPoints="0" sequenceCoverage="0" branchCoverage="0" maxCyclomaticComplexity="1" minCyclomaticComplexity="1" maxCrapScore="2" minCrapScore="2" visitedClasses="0" numClasses="0" visitedMethods="0" numMethods="1" />
              <MetadataToken>100663303</MetadataToken>
              <Name>System.String StoreWPF.Product::get_ImagePath()</Name>
              <FileRef uid="3" />
              <SequencePoints>
                <SequencePoint vc="0" uspid="34" ordinal="0" offset="0" sl="20" sc="17" el="20" ec="18" bec="0" bev="0" fileid="3" />
                <SequencePoint vc="0" uspid="35" ordinal="1" offset="1" sl="20" sc="19" el="20" ec="36" bec="0" bev="0" fileid="3" />
                <SequencePoint vc="0" uspid="36" ordinal="2" offset="10" sl="20" sc="37" el="20" ec="38" bec="0" bev="0" fileid="3" />
              </SequencePoints>
              <BranchPoints />
              <MethodPoint xsi:type="SequencePoint" vc="0" uspid="34" ordinal="0" offset="0" sl="20" sc="17" el="20" ec="18" bec="0" bev="0" fileid="3" />
            </Method>
            <Method visited="false" cyclomaticComplexity="1" nPathComplexity="0" sequenceCoverage="0" branchCoverage="0" crapScore="2" isConstructor="false" isStatic="false" isGetter="false" isSetter="true">
              <Summary numSequencePoints="3" visitedSequencePoints="0" numBranchPoints="1" visitedBranchPoints="0" sequenceCoverage="0" branchCoverage="0" maxCyclomaticComplexity="1" minCyclomaticComplexity="1" maxCrapScore="2" minCrapScore="2" visitedClasses="0" numClasses="0" visitedMethods="0" numMethods="1" />
              <MetadataToken>100663304</MetadataToken>
              <Name>System.Void StoreWPF.Product::set_ImagePath(System.String)</Name>
              <FileRef uid="3" />
              <SequencePoints>
                <SequencePoint vc="0" uspid="37" ordinal="0" offset="0" sl="21" sc="17" el="21" ec="18" bec="0" bev="0" fileid="3" />
                <SequencePoint vc="0" uspid="38" ordinal="1" offset="1" sl="21" sc="19" el="21" ec="37" bec="0" bev="0" fileid="3" />
                <SequencePoint vc="0" uspid="39" ordinal="2" offset="8" sl="21" sc="38" el="21" ec="39" bec="0" bev="0" fileid="3" />
              </SequencePoints>
              <BranchPoints />
              <MethodPoint xsi:type="SequencePoint" vc="0" uspid="37" ordinal="0" offset="0" sl="21" sc="17" el="21" ec="18" bec="0" bev="0" fileid="3" />
            </Method>
            <Method visited="false" cyclomaticComplexity="1" nPathComplexity="0" sequenceCoverage="0" branchCoverage="0" crapScore="2" isConstructor="false" isStatic="false" isGetter="true" isSetter="false">
              <Summary numSequencePoints="3" visitedSequencePoints="0" numBranchPoints="1" visitedBranchPoints="0" sequenceCoverage="0" branchCoverage="0" maxCyclomaticComplexity="1" minCyclomaticComplexity="1" maxCrapScore="2" minCrapScore="2" visitedClasses="0" numClasses="0" visitedMethods="0" numMethods="1" />
              <MetadataToken>100663305</MetadataToken>
              <Name>System.String StoreWPF.Product::get_Name()</Name>
              <FileRef uid="3" />
              <SequencePoints>
                <SequencePoint vc="0" uspid="40" ordinal="0" offset="0" sl="26" sc="17" el="26" ec="18" bec="0" bev="0" fileid="3" />
                <SequencePoint vc="0" uspid="41" ordinal="1" offset="1" sl="26" sc="19" el="26" ec="31" bec="0" bev="0" fileid="3" />
                <SequencePoint vc="0" uspid="42" ordinal="2" offset="10" sl="26" sc="32" el="26" ec="33" bec="0" bev="0" fileid="3" />
              </SequencePoints>
              <BranchPoints />
              <MethodPoint xsi:type="SequencePoint" vc="0" uspid="40" ordinal="0" offset="0" sl="26" sc="17" el="26" ec="18" bec="0" bev="0" fileid="3" />
            </Method>
            <Method visited="false" cyclomaticComplexity="1" nPathComplexity="0" sequenceCoverage="0" branchCoverage="0" crapScore="2" isConstructor="false" isStatic="false" isGetter="false" isSetter="true">
              <Summary numSequencePoints="3" visitedSequencePoints="0" numBranchPoints="1" visitedBranchPoints="0" sequenceCoverage="0" branchCoverage="0" maxCyclomaticComplexity="1" minCyclomaticComplexity="1" maxCrapScore="2" minCrapScore="2" visitedClasses="0" numClasses="0" visitedMethods="0" numMethods="1" />
              <MetadataToken>100663306</MetadataToken>
              <Name>System.Void StoreWPF.Product::set_Name(System.String)</Name>
              <FileRef uid="3" />
              <SequencePoints>
                <SequencePoint vc="0" uspid="43" ordinal="0" offset="0" sl="27" sc="17" el="27" ec="18" bec="0" bev="0" fileid="3" />
                <SequencePoint vc="0" uspid="44" ordinal="1" offset="1" sl="27" sc="19" el="27" ec="32" bec="0" bev="0" fileid="3" />
                <SequencePoint vc="0" uspid="45" ordinal="2" offset="8" sl="27" sc="33" el="27" ec="34" bec="0" bev="0" fileid="3" />
              </SequencePoints>
              <BranchPoints />
              <MethodPoint xsi:type="SequencePoint" vc="0" uspid="43" ordinal="0" offset="0" sl="27" sc="17" el="27" ec="18" bec="0" bev="0" fileid="3" />
            </Method>
            <Method visited="false" cyclomaticComplexity="1" nPathComplexity="0" sequenceCoverage="0" branchCoverage="0" crapScore="2" isConstructor="false" isStatic="false" isGetter="true" isSetter="false">
              <Summary numSequencePoints="3" visitedSequencePoints="0" numBranchPoints="1" visitedBranchPoints="0" sequenceCoverage="0" branchCoverage="0" maxCyclomaticComplexity="1" minCyclomaticComplexity="1" maxCrapScore="2" minCrapScore="2" visitedClasses="0" numClasses="0" visitedMethods="0" numMethods="1" />
              <MetadataToken>100663307</MetadataToken>
              <Name>System.String StoreWPF.Product::get_Description()</Name>
              <FileRef uid="3" />
              <SequencePoints>
                <SequencePoint vc="0" uspid="46" ordinal="0" offset="0" sl="32" sc="17" el="32" ec="18" bec="0" bev="0" fileid="3" />
                <SequencePoint vc="0" uspid="47" ordinal="1" offset="1" sl="32" sc="19" el="32" ec="38" bec="0" bev="0" fileid="3" />
                <SequencePoint vc="0" uspid="48" ordinal="2" offset="10" sl="32" sc="39" el="32" ec="40" bec="0" bev="0" fileid="3" />
              </SequencePoints>
              <BranchPoints />
              <MethodPoint xsi:type="SequencePoint" vc="0" uspid="46" ordinal="0" offset="0" sl="32" sc="17" el="32" ec="18" bec="0" bev="0" fileid="3" />
            </Method>
            <Method visited="false" cyclomaticComplexity="1" nPathComplexity="0" sequenceCoverage="0" branchCoverage="0" crapScore="2" isConstructor="false" isStatic="false" isGetter="false" isSetter="true">
              <Summary numSequencePoints="3" visitedSequencePoints="0" numBranchPoints="1" visitedBranchPoints="0" sequenceCoverage="0" branchCoverage="0" maxCyclomaticComplexity="1" minCyclomaticComplexity="1" maxCrapScore="2" minCrapScore="2" visitedClasses="0" numClasses="0" visitedMethods="0" numMethods="1" />
              <MetadataToken>100663308</MetadataToken>
              <Name>System.Void StoreWPF.Product::set_Description(System.String)</Name>
              <FileRef uid="3" />
              <SequencePoints>
                <SequencePoint vc="0" uspid="49" ordinal="0" offset="0" sl="33" sc="17" el="33" ec="18" bec="0" bev="0" fileid="3" />
                <SequencePoint vc="0" uspid="50" ordinal="1" offset="1" sl="33" sc="19" el="33" ec="39" bec="0" bev="0" fileid="3" />
                <SequencePoint vc="0" uspid="51" ordinal="2" offset="8" sl="33" sc="40" el="33" ec="41" bec="0" bev="0" fileid="3" />
              </SequencePoints>
              <BranchPoints />
              <MethodPoint xsi:type="SequencePoint" vc="0" uspid="49" ordinal="0" offset="0" sl="33" sc="17" el="33" ec="18" bec="0" bev="0" fileid="3" />
            </Method>
            <Method visited="false" cyclomaticComplexity="1" nPathComplexity="0" sequenceCoverage="0" branchCoverage="0" crapScore="2" isConstructor="false" isStatic="false" isGetter="true" isSetter="false">
              <Summary numSequencePoints="3" visitedSequencePoints="0" numBranchPoints="1" visitedBranchPoints="0" sequenceCoverage="0" branchCoverage="0" maxCyclomaticComplexity="1" minCyclomaticComplexity="1" maxCrapScore="2" minCrapScore="2" visitedClasses="0" numClasses="0" visitedMethods="0" numMethods="1" />
              <MetadataToken>100663309</MetadataToken>
              <Name>System.Int32 StoreWPF.Product::get_Price()</Name>
              <FileRef uid="3" />
              <SequencePoints>
                <SequencePoint vc="0" uspid="52" ordinal="0" offset="0" sl="38" sc="17" el="38" ec="18" bec="0" bev="0" fileid="3" />
                <SequencePoint vc="0" uspid="53" ordinal="1" offset="1" sl="38" sc="19" el="38" ec="32" bec="0" bev="0" fileid="3" />
                <SequencePoint vc="0" uspid="54" ordinal="2" offset="10" sl="38" sc="33" el="38" ec="34" bec="0" bev="0" fileid="3" />
              </SequencePoints>
              <BranchPoints />
              <MethodPoint xsi:type="SequencePoint" vc="0" uspid="52" ordinal="0" offset="0" sl="38" sc="17" el="38" ec="18" bec="0" bev="0" fileid="3" />
            </Method>
            <Method visited="false" cyclomaticComplexity="1" nPathComplexity="0" sequenceCoverage="0" branchCoverage="0" crapScore="2" isConstructor="false" isStatic="false" isGetter="false" isSetter="true">
              <Summary numSequencePoints="3" visitedSequencePoints="0" numBranchPoints="1" visitedBranchPoints="0" sequenceCoverage="0" branchCoverage="0" maxCyclomaticComplexity="1" minCyclomaticComplexity="1" maxCrapScore="2" minCrapScore="2" visitedClasses="0" numClasses="0" visitedMethods="0" numMethods="1" />
              <MetadataToken>100663310</MetadataToken>
              <Name>System.Void StoreWPF.Product::set_Price(System.Int32)</Name>
              <FileRef uid="3" />
              <SequencePoints>
                <SequencePoint vc="0" uspid="55" ordinal="0" offset="0" sl="39" sc="17" el="39" ec="18" bec="0" bev="0" fileid="3" />
                <SequencePoint vc="0" uspid="56" ordinal="1" offset="1" sl="39" sc="19" el="39" ec="33" bec="0" bev="0" fileid="3" />
                <SequencePoint vc="0" uspid="57" ordinal="2" offset="8" sl="39" sc="34" el="39" ec="35" bec="0" bev="0" fileid="3" />
              </SequencePoints>
              <BranchPoints />
              <MethodPoint xsi:type="SequencePoint" vc="0" uspid="55" ordinal="0" offset="0" sl="39" sc="17" el="39" ec="18" bec="0" bev="0" fileid="3" />
            </Method>
            <Method visited="false" cyclomaticComplexity="1" nPathComplexity="0" sequenceCoverage="0" branchCoverage="0" crapScore="2" isConstructor="false" isStatic="false" isGetter="true" isSetter="false">
              <Summary numSequencePoints="3" visitedSequencePoints="0" numBranchPoints="1" visitedBranchPoints="0" sequenceCoverage="0" branchCoverage="0" maxCyclomaticComplexity="1" minCyclomaticComplexity="1" maxCrapScore="2" minCrapScore="2" visitedClasses="0" numClasses="0" visitedMethods="0" numMethods="1" />
              <MetadataToken>100663311</MetadataToken>
              <Name>System.Int32 StoreWPF.Product::get_MaxAmount()</Name>
              <FileRef uid="3" />
              <SequencePoints>
                <SequencePoint vc="0" uspid="58" ordinal="0" offset="0" sl="44" sc="17" el="44" ec="18" bec="0" bev="0" fileid="3" />
                <SequencePoint vc="0" uspid="59" ordinal="1" offset="1" sl="44" sc="19" el="44" ec="36" bec="0" bev="0" fileid="3" />
                <SequencePoint vc="0" uspid="60" ordinal="2" offset="10" sl="44" sc="37" el="44" ec="38" bec="0" bev="0" fileid="3" />
              </SequencePoints>
              <BranchPoints />
              <MethodPoint xsi:type="SequencePoint" vc="0" uspid="58" ordinal="0" offset="0" sl="44" sc="17" el="44" ec="18" bec="0" bev="0" fileid="3" />
            </Method>
            <Method visited="false" cyclomaticComplexity="1" nPathComplexity="0" sequenceCoverage="0" branchCoverage="0" crapScore="2" isConstructor="false" isStatic="false" isGetter="false" isSetter="true">
              <Summary numSequencePoints="3" visitedSequencePoints="0" numBranchPoints="1" visitedBranchPoints="0" sequenceCoverage="0" branchCoverage="0" maxCyclomaticComplexity="1" minCyclomaticComplexity="1" maxCrapScore="2" minCrapScore="2" visitedClasses="0" numClasses="0" visitedMethods="0" numMethods="1" />
              <MetadataToken>100663312</MetadataToken>
              <Name>System.Void StoreWPF.Product::set_MaxAmount(System.Int32)</Name>
              <FileRef uid="3" />
              <SequencePoints>
                <SequencePoint vc="0" uspid="61" ordinal="0" offset="0" sl="45" sc="17" el="45" ec="18" bec="0" bev="0" fileid="3" />
                <SequencePoint vc="0" uspid="62" ordinal="1" offset="1" sl="45" sc="19" el="45" ec="37" bec="0" bev="0" fileid="3" />
                <SequencePoint vc="0" uspid="63" ordinal="2" offset="8" sl="45" sc="38" el="45" ec="39" bec="0" bev="0" fileid="3" />
              </SequencePoints>
              <BranchPoints />
              <MethodPoint xsi:type="SequencePoint" vc="0" uspid="61" ordinal="0" offset="0" sl="45" sc="17" el="45" ec="18" bec="0" bev="0" fileid="3" />
            </Method>
            <Method visited="false" cyclomaticComplexity="1" nPathComplexity="0" sequenceCoverage="0" branchCoverage="0" crapScore="2" isConstructor="true" isStatic="false" isGetter="false" isSetter="false">
              <Summary numSequencePoints="9" visitedSequencePoints="0" numBranchPoints="1" visitedBranchPoints="0" sequenceCoverage="0" branchCoverage="0" maxCyclomaticComplexity="1" minCyclomaticComplexity="1" maxCrapScore="2" minCrapScore="2" visitedClasses="0" numClasses="0" visitedMethods="0" numMethods="1" />
              <MetadataToken>100663313</MetadataToken>
              <Name>System.Void StoreWPF.Product::.ctor(System.Int32,System.String,System.String,System.String,System.Int32,System.Int32)</Name>
              <FileRef uid="3" />
              <SequencePoints>
                <SequencePoint vc="0" uspid="64" ordinal="0" offset="0" sl="47" sc="9" el="47" ec="108" bec="0" bev="0" fileid="3" />
                <SequencePoint vc="0" uspid="65" ordinal="1" offset="7" sl="48" sc="9" el="48" ec="10" bec="0" bev="0" fileid="3" />
                <SequencePoint vc="0" uspid="66" ordinal="2" offset="8" sl="49" sc="13" el="49" ec="26" bec="0" bev="0" fileid="3" />
                <SequencePoint vc="0" uspid="67" ordinal="3" offset="16" sl="50" sc="13" el="50" ec="40" bec="0" bev="0" fileid="3" />
                <SequencePoint vc="0" uspid="68" ordinal="4" offset="24" sl="51" sc="13" el="51" ec="30" bec="0" bev="0" fileid="3" />
                <SequencePoint vc="0" uspid="69" ordinal="5" offset="32" sl="52" sc="13" el="52" ec="44" bec="0" bev="0" fileid="3" />
                <SequencePoint vc="0" uspid="70" ordinal="6" offset="41" sl="53" sc="13" el="53" ec="32" bec="0" bev="0" fileid="3" />
                <SequencePoint vc="0" uspid="71" ordinal="7" offset="50" sl="54" sc="13" el="54" ec="40" bec="0" bev="0" fileid="3" />
                <SequencePoint vc="0" uspid="72" ordinal="8" offset="59" sl="55" sc="9" el="55" ec="10" bec="0" bev="0" fileid="3" />
              </SequencePoints>
              <BranchPoints />
              <MethodPoint xsi:type="SequencePoint" vc="0" uspid="64" ordinal="0" offset="0" sl="47" sc="9" el="47" ec="108" bec="0" bev="0" fileid="3" />
            </Method>
          </Methods>
        </Class>
        <Class>
          <Summary numSequencePoints="17" visitedSequencePoints="0" numBranchPoints="5" visitedBranchPoints="0" sequenceCoverage="0" branchCoverage="0" maxCyclomaticComplexity="1" minCyclomaticComplexity="1" maxCrapScore="2" minCrapScore="2" visitedClasses="0" numClasses="1" visitedMethods="0" numMethods="5" />
          <FullName>StoreWPF.ProductInCart</FullName>
          <Methods>
            <Method visited="false" cyclomaticComplexity="1" nPathComplexity="0" sequenceCoverage="0" branchCoverage="0" crapScore="2" isConstructor="false" isStatic="false" isGetter="true" isSetter="false">
              <Summary numSequencePoints="3" visitedSequencePoints="0" numBranchPoints="1" visitedBranchPoints="0" sequenceCoverage="0" branchCoverage="0" maxCyclomaticComplexity="1" minCyclomaticComplexity="1" maxCrapScore="2" minCrapScore="2" visitedClasses="0" numClasses="0" visitedMethods="0" numMethods="1" />
              <MetadataToken>100663314</MetadataToken>
              <Name>System.Int32 StoreWPF.ProductInCart::get_IdUser()</Name>
              <FileRef uid="4" />
              <SequencePoints>
                <SequencePoint vc="0" uspid="73" ordinal="0" offset="0" sl="14" sc="17" el="14" ec="18" bec="0" bev="0" fileid="4" />
                <SequencePoint vc="0" uspid="74" ordinal="1" offset="1" sl="14" sc="19" el="14" ec="33" bec="0" bev="0" fileid="4" />
                <SequencePoint vc="0" uspid="75" ordinal="2" offset="10" sl="14" sc="34" el="14" ec="35" bec="0" bev="0" fileid="4" />
              </SequencePoints>
              <BranchPoints />
              <MethodPoint xsi:type="SequencePoint" vc="0" uspid="73" ordinal="0" offset="0" sl="14" sc="17" el="14" ec="18" bec="0" bev="0" fileid="4" />
            </Method>
            <Method visited="false" cyclomaticComplexity="1" nPathComplexity="0" sequenceCoverage="0" branchCoverage="0" crapScore="2" isConstructor="false" isStatic="false" isGetter="false" isSetter="true">
              <Summary numSequencePoints="3" visitedSequencePoints="0" numBranchPoints="1" visitedBranchPoints="0" sequenceCoverage="0" branchCoverage="0" maxCyclomaticComplexity="1" minCyclomaticComplexity="1" maxCrapScore="2" minCrapScore="2" visitedClasses="0" numClasses="0" visitedMethods="0" numMethods="1" />
              <MetadataToken>100663315</MetadataToken>
              <Name>System.Void StoreWPF.ProductInCart::set_IdUser(System.Int32)</Name>
              <FileRef uid="4" />
              <SequencePoints>
                <SequencePoint vc="0" uspid="76" ordinal="0" offset="0" sl="15" sc="17" el="15" ec="18" bec="0" bev="0" fileid="4" />
                <SequencePoint vc="0" uspid="77" ordinal="1" offset="1" sl="15" sc="19" el="15" ec="34" bec="0" bev="0" fileid="4" />
                <SequencePoint vc="0" uspid="78" ordinal="2" offset="8" sl="15" sc="35" el="15" ec="36" bec="0" bev="0" fileid="4" />
              </SequencePoints>
              <BranchPoints />
              <MethodPoint xsi:type="SequencePoint" vc="0" uspid="76" ordinal="0" offset="0" sl="15" sc="17" el="15" ec="18" bec="0" bev="0" fileid="4" />
            </Method>
            <Method visited="false" cyclomaticComplexity="1" nPathComplexity="0" sequenceCoverage="0" branchCoverage="0" crapScore="2" isConstructor="false" isStatic="false" isGetter="true" isSetter="false">
              <Summary numSequencePoints="3" visitedSequencePoints="0" numBranchPoints="1" visitedBranchPoints="0" sequenceCoverage="0" branchCoverage="0" maxCyclomaticComplexity="1" minCyclomaticComplexity="1" maxCrapScore="2" minCrapScore="2" visitedClasses="0" numClasses="0" visitedMethods="0" numMethods="1" />
              <MetadataToken>100663316</MetadataToken>
              <Name>System.Int32 StoreWPF.ProductInCart::get_Amount()</Name>
              <FileRef uid="4" />
              <SequencePoints>
                <SequencePoint vc="0" uspid="79" ordinal="0" offset="0" sl="20" sc="17" el="20" ec="18" bec="0" bev="0" fileid="4" />
                <SequencePoint vc="0" uspid="80" ordinal="1" offset="1" sl="20" sc="19" el="20" ec="33" bec="0" bev="0" fileid="4" />
                <SequencePoint vc="0" uspid="81" ordinal="2" offset="10" sl="20" sc="34" el="20" ec="35" bec="0" bev="0" fileid="4" />
              </SequencePoints>
              <BranchPoints />
              <MethodPoint xsi:type="SequencePoint" vc="0" uspid="79" ordinal="0" offset="0" sl="20" sc="17" el="20" ec="18" bec="0" bev="0" fileid="4" />
            </Method>
            <Method visited="false" cyclomaticComplexity="1" nPathComplexity="0" sequenceCoverage="0" branchCoverage="0" crapScore="2" isConstructor="false" isStatic="false" isGetter="false" isSetter="true">
              <Summary numSequencePoints="3" visitedSequencePoints="0" numBranchPoints="1" visitedBranchPoints="0" sequenceCoverage="0" branchCoverage="0" maxCyclomaticComplexity="1" minCyclomaticComplexity="1" maxCrapScore="2" minCrapScore="2" visitedClasses="0" numClasses="0" visitedMethods="0" numMethods="1" />
              <MetadataToken>100663317</MetadataToken>
              <Name>System.Void StoreWPF.ProductInCart::set_Amount(System.Int32)</Name>
              <FileRef uid="4" />
              <SequencePoints>
                <SequencePoint vc="0" uspid="82" ordinal="0" offset="0" sl="21" sc="17" el="21" ec="18" bec="0" bev="0" fileid="4" />
                <SequencePoint vc="0" uspid="83" ordinal="1" offset="1" sl="21" sc="19" el="21" ec="34" bec="0" bev="0" fileid="4" />
                <SequencePoint vc="0" uspid="84" ordinal="2" offset="8" sl="21" sc="35" el="21" ec="36" bec="0" bev="0" fileid="4" />
              </SequencePoints>
              <BranchPoints />
              <MethodPoint xsi:type="SequencePoint" vc="0" uspid="82" ordinal="0" offset="0" sl="21" sc="17" el="21" ec="18" bec="0" bev="0" fileid="4" />
            </Method>
            <Method visited="false" cyclomaticComplexity="1" nPathComplexity="0" sequenceCoverage="0" branchCoverage="0" crapScore="2" isConstructor="true" isStatic="false" isGetter="false" isSetter="false">
              <Summary numSequencePoints="5" visitedSequencePoints="0" numBranchPoints="1" visitedBranchPoints="0" sequenceCoverage="0" branchCoverage="0" maxCyclomaticComplexity="1" minCyclomaticComplexity="1" maxCrapScore="2" minCrapScore="2" visitedClasses="0" numClasses="0" visitedMethods="0" numMethods="1" />
              <MetadataToken>100663318</MetadataToken>
              <Name>System.Void StoreWPF.ProductInCart::.ctor(System.Int32,System.Int32,System.String,System.String,System.String,System.Int32,System.Int32,System.Int32)</Name>
              <FileRef uid="4" />
              <SequencePoints>
                <SequencePoint vc="0" uspid="85" ordinal="0" offset="0" sl="24" sc="141" el="24" ec="198" bec="0" bev="0" fileid="4" />
                <SequencePoint vc="0" uspid="86" ordinal="1" offset="17" sl="25" sc="9" el="25" ec="10" bec="0" bev="0" fileid="4" />
                <SequencePoint vc="0" uspid="87" ordinal="2" offset="18" sl="26" sc="13" el="26" ec="34" bec="0" bev="0" fileid="4" />
                <SequencePoint vc="0" uspid="88" ordinal="3" offset="26" sl="27" sc="13" el="27" ec="34" bec="0" bev="0" fileid="4" />
                <SequencePoint vc="0" uspid="89" ordinal="4" offset="34" sl="28" sc="9" el="28" ec="10" bec="0" bev="0" fileid="4" />
              </SequencePoints>
              <BranchPoints />
              <MethodPoint xsi:type="SequencePoint" vc="0" uspid="85" ordinal="0" offset="0" sl="24" sc="141" el="24" ec="198" bec="0" bev="0" fileid="4" />
            </Method>
          </Methods>
        </Class>
        <Class>
          <Summary numSequencePoints="31" visitedSequencePoints="0" numBranchPoints="10" visitedBranchPoints="0" sequenceCoverage="0" branchCoverage="0" maxCyclomaticComplexity="4" minCyclomaticComplexity="1" maxCrapScore="20" minCrapScore="2" visitedClasses="0" numClasses="1" visitedMethods="0" numMethods="4" />
          <FullName>StoreWPF.Registration</FullName>
          <Methods>
            <Method visited="false" cyclomaticComplexity="1" nPathComplexity="0" sequenceCoverage="0" branchCoverage="0" crapScore="2" isConstructor="true" isStatic="false" isGetter="false" isSetter="false">
              <Summary numSequencePoints="4" visitedSequencePoints="0" numBranchPoints="1" visitedBranchPoints="0" sequenceCoverage="0" branchCoverage="0" maxCyclomaticComplexity="1" minCyclomaticComplexity="1" maxCrapScore="2" minCrapScore="2" visitedClasses="0" numClasses="0" visitedMethods="0" numMethods="1" />
              <MetadataToken>100663319</MetadataToken>
              <Name>System.Void StoreWPF.Registration::.ctor()</Name>
              <FileRef uid="5" />
              <SequencePoints>
                <SequencePoint vc="0" uspid="90" ordinal="0" offset="0" sl="22" sc="9" el="22" ec="30" bec="0" bev="0" fileid="5" />
                <SequencePoint vc="0" uspid="91" ordinal="1" offset="7" sl="23" sc="9" el="23" ec="10" bec="0" bev="0" fileid="5" />
                <SequencePoint vc="0" uspid="92" ordinal="2" offset="8" sl="24" sc="13" el="24" ec="35" bec="0" bev="0" fileid="5" />
                <SequencePoint vc="0" uspid="93" ordinal="3" offset="15" sl="25" sc="9" el="25" ec="10" bec="0" bev="0" fileid="5" />
              </SequencePoints>
              <BranchPoints />
              <MethodPoint xsi:type="SequencePoint" vc="0" uspid="90" ordinal="0" offset="0" sl="22" sc="9" el="22" ec="30" bec="0" bev="0" fileid="5" />
            </Method>
            <Method visited="false" cyclomaticComplexity="1" nPathComplexity="0" sequenceCoverage="0" branchCoverage="0" crapScore="2" isConstructor="false" isStatic="false" isGetter="false" isSetter="false">
              <Summary numSequencePoints="4" visitedSequencePoints="0" numBranchPoints="1" visitedBranchPoints="0" sequenceCoverage="0" branchCoverage="0" maxCyclomaticComplexity="1" minCyclomaticComplexity="1" maxCrapScore="2" minCrapScore="2" visitedClasses="0" numClasses="0" visitedMethods="0" numMethods="1" />
              <MetadataToken>100663320</MetadataToken>
              <Name>System.Void StoreWPF.Registration::ButtonRegSwap_Click(System.Object,System.Windows.RoutedEventArgs)</Name>
              <FileRef uid="5" />
              <SequencePoints>
                <SequencePoint vc="0" uspid="94" ordinal="0" offset="0" sl="28" sc="9" el="28" ec="10" bec="0" bev="0" fileid="5" />
                <SequencePoint vc="0" uspid="95" ordinal="1" offset="1" sl="29" sc="13" el="29" ec="20" bec="0" bev="0" fileid="5" />
                <SequencePoint vc="0" uspid="96" ordinal="2" offset="8" sl="30" sc="13" el="30" ec="40" bec="0" bev="0" fileid="5" />
                <SequencePoint vc="0" uspid="97" ordinal="3" offset="19" sl="31" sc="9" el="31" ec="10" bec="0" bev="0" fileid="5" />
              </SequencePoints>
              <BranchPoints />
              <MethodPoint xsi:type="SequencePoint" vc="0" uspid="94" ordinal="0" offset="0" sl="28" sc="9" el="28" ec="10" bec="0" bev="0" fileid="5" />
            </Method>
            <Method visited="false" cyclomaticComplexity="1" nPathComplexity="0" sequenceCoverage="0" branchCoverage="0" crapScore="2" isConstructor="false" isStatic="false" isGetter="false" isSetter="false">
              <Summary numSequencePoints="4" visitedSequencePoints="0" numBranchPoints="1" visitedBranchPoints="0" sequenceCoverage="0" branchCoverage="0" maxCyclomaticComplexity="1" minCyclomaticComplexity="1" maxCrapScore="2" minCrapScore="2" visitedClasses="0" numClasses="0" visitedMethods="0" numMethods="1" />
              <MetadataToken>100663321</MetadataToken>
              <Name>System.Void StoreWPF.Registration::Window_Closed(System.Object,System.EventArgs)</Name>
              <FileRef uid="5" />
              <SequencePoints>
                <SequencePoint vc="0" uspid="98" ordinal="0" offset="0" sl="34" sc="9" el="34" ec="10" bec="0" bev="0" fileid="5" />
                <SequencePoint vc="0" uspid="99" ordinal="1" offset="1" sl="35" sc="13" el="35" ec="54" bec="0" bev="0" fileid="5" />
                <SequencePoint vc="0" uspid="100" ordinal="2" offset="7" sl="36" sc="13" el="36" ec="31" bec="0" bev="0" fileid="5" />
                <SequencePoint vc="0" uspid="101" ordinal="3" offset="14" sl="37" sc="9" el="37" ec="10" bec="0" bev="0" fileid="5" />
              </SequencePoints>
              <BranchPoints />
              <MethodPoint xsi:type="SequencePoint" vc="0" uspid="98" ordinal="0" offset="0" sl="34" sc="9" el="34" ec="10" bec="0" bev="0" fileid="5" />
            </Method>
            <Method visited="false" cyclomaticComplexity="4" nPathComplexity="8" sequenceCoverage="0" branchCoverage="0" crapScore="20" isConstructor="false" isStatic="false" isGetter="false" isSetter="false">
              <Summary numSequencePoints="19" visitedSequencePoints="0" numBranchPoints="7" visitedBranchPoints="0" sequenceCoverage="0" branchCoverage="0" maxCyclomaticComplexity="4" minCyclomaticComplexity="4" maxCrapScore="20" minCrapScore="20" visitedClasses="0" numClasses="0" visitedMethods="0" numMethods="1" />
              <MetadataToken>100663322</MetadataToken>
              <Name>System.Void StoreWPF.Registration::RegistrationButton_Click(System.Object,System.Windows.RoutedEventArgs)</Name>
              <FileRef uid="5" />
              <SequencePoints>
                <SequencePoint vc="0" uspid="102" ordinal="0" offset="0" sl="40" sc="9" el="40" ec="10" bec="0" bev="0" fileid="5" />
                <SequencePoint vc="0" uspid="103" ordinal="1" offset="1" sl="41" sc="13" el="41" ec="54" bec="0" bev="0" fileid="5" />
                <SequencePoint vc="0" uspid="104" ordinal="2" offset="7" sl="42" sc="13" el="42" ec="54" bec="0" bev="0" fileid="5" />
                <SequencePoint vc="0" uspid="105" ordinal="3" offset="20" sl="43" sc="13" el="43" ec="34" bec="2" bev="0" fileid="5" />
                <SequencePoint vc="0" uspid="106" ordinal="4" offset="33" sl="44" sc="13" el="44" ec="14" bec="0" bev="0" fileid="5" />
                <SequencePoint vc="0" uspid="107" ordinal="5" offset="34" sl="45" sc="17" el="45" ec="58" bec="0" bev="0" fileid="5" />
                <SequencePoint vc="0" uspid="108" ordinal="6" offset="47" sl="46" sc="13" el="46" ec="14" bec="0" bev="0" fileid="5" />
                <SequencePoint vc="0" uspid="109" ordinal="7" offset="48" sl="47" sc="13" el="47" ec="57" bec="0" bev="0" fileid="5" />
                <SequencePoint vc="0" uspid="110" ordinal="8" offset="61" sl="48" sc="13" el="48" ec="37" bec="2" bev="0" fileid="5" />
                <SequencePoint vc="0" uspid="111" ordinal="9" offset="74" sl="49" sc="13" el="49" ec="14" bec="0" bev="0" fileid="5" />
                <SequencePoint vc="0" uspid="112" ordinal="10" offset="75" sl="50" sc="17" el="50" ec="61" bec="0" bev="0" fileid="5" />
                <SequencePoint vc="0" uspid="113" ordinal="11" offset="88" sl="51" sc="13" el="51" ec="14" bec="0" bev="0" fileid="5" />
                <SequencePoint vc="0" uspid="114" ordinal="12" offset="89" sl="52" sc="13" el="52" ec="59" bec="0" bev="0" fileid="5" />
                <SequencePoint vc="0" uspid="115" ordinal="13" offset="102" sl="53" sc="13" el="53" ec="74" bec="2" bev="0" fileid="5" />
                <SequencePoint vc="0" uspid="116" ordinal="14" offset="133" sl="54" sc="13" el="54" ec="14" bec="0" bev="0" fileid="5" />
                <SequencePoint vc="0" uspid="117" ordinal="15" offset="134" sl="55" sc="17" el="55" ec="64" bec="0" bev="0" fileid="5" />
                <SequencePoint vc="0" uspid="118" ordinal="16" offset="147" sl="56" sc="13" el="56" ec="14" bec="0" bev="0" fileid="5" />
                <SequencePoint vc="0" uspid="119" ordinal="17" offset="148" sl="57" sc="13" el="57" ec="82" bec="0" bev="0" fileid="5" />
                <SequencePoint vc="0" uspid="120" ordinal="18" offset="176" sl="58" sc="9" el="58" ec="10" bec="0" bev="0" fileid="5" />
              </SequencePoints>
              <BranchPoints>
                <BranchPoint vc="0" uspid="121" ordinal="0" offset="31" sl="43" path="0" offsetend="33" fileid="5" />
                <BranchPoint vc="0" uspid="122" ordinal="1" offset="31" sl="43" path="1" offsetend="48" fileid="5" />
                <BranchPoint vc="0" uspid="123" ordinal="2" offset="72" sl="48" path="0" offsetend="74" fileid="5" />
                <BranchPoint vc="0" uspid="124" ordinal="3" offset="72" sl="48" path="1" offsetend="89" fileid="5" />
                <BranchPoint vc="0" uspid="125" ordinal="4" offset="131" sl="53" path="0" offsetend="133" fileid="5" />
                <BranchPoint vc="0" uspid="126" ordinal="5" offset="131" sl="53" path="1" offsetend="148" fileid="5" />
              </BranchPoints>
              <MethodPoint xsi:type="SequencePoint" vc="0" uspid="102" ordinal="0" offset="0" sl="40" sc="9" el="40" ec="10" bec="0" bev="0" fileid="5" />
            </Method>
          </Methods>
        </Class>
        <Class>
          <Summary numSequencePoints="109" visitedSequencePoints="0" numBranchPoints="37" visitedBranchPoints="0" sequenceCoverage="0" branchCoverage="0" maxCyclomaticComplexity="8" minCyclomaticComplexity="1" maxCrapScore="72" minCrapScore="2" visitedClasses="0" numClasses="1" visitedMethods="0" numMethods="11" />
          <FullName>StoreWPF.Repository</FullName>
          <Methods>
            <Method visited="false" cyclomaticComplexity="2" nPathComplexity="2" sequenceCoverage="0" branchCoverage="0" crapScore="6" isConstructor="false" isStatic="false" isGetter="false" isSetter="false">
              <Summary numSequencePoints="11" visitedSequencePoints="0" numBranchPoints="3" visitedBranchPoints="0" sequenceCoverage="0" branchCoverage="0" maxCyclomaticComplexity="2" minCyclomaticComplexity="2" maxCrapScore="6" minCrapScore="6" visitedClasses="0" numClasses="0" visitedMethods="0" numMethods="1" />
              <MetadataToken>100663325</MetadataToken>
              <Name>System.Void StoreWPF.Repository::WriteFileJson(System.String,System.String)</Name>
              <FileRef uid="7" />
              <SequencePoints>
                <SequencePoint vc="0" uspid="127" ordinal="0" offset="0" sl="28" sc="9" el="28" ec="10" bec="0" bev="0" fileid="7" />
                <SequencePoint vc="0" uspid="128" ordinal="1" offset="1" sl="29" sc="13" el="29" ec="76" bec="0" bev="0" fileid="7" />
                <SequencePoint vc="0" uspid="129" ordinal="2" offset="13" sl="30" sc="13" el="30" ec="61" bec="2" bev="0" fileid="7" />
                <SequencePoint vc="0" uspid="130" ordinal="3" offset="26" sl="31" sc="13" el="31" ec="14" bec="0" bev="0" fileid="7" />
                <SequencePoint vc="0" uspid="131" ordinal="4" offset="27" sl="32" sc="17" el="32" ec="98" bec="0" bev="0" fileid="7" />
                <SequencePoint vc="0" uspid="132" ordinal="5" offset="38" sl="33" sc="17" el="33" ec="54" bec="0" bev="0" fileid="7" />
                <SequencePoint vc="0" uspid="133" ordinal="6" offset="54" sl="34" sc="13" el="34" ec="14" bec="0" bev="0" fileid="7" />
                <SequencePoint vc="0" uspid="134" ordinal="7" offset="55" sl="35" sc="13" el="35" ec="74" bec="0" bev="0" fileid="7" />
                <SequencePoint vc="0" uspid="135" ordinal="8" offset="79" sl="36" sc="13" el="36" ec="92" bec="0" bev="0" fileid="7" />
                <SequencePoint vc="0" uspid="136" ordinal="9" offset="101" sl="37" sc="13" el="37" ec="42" bec="0" bev="0" fileid="7" />
                <SequencePoint vc="0" uspid="137" ordinal="10" offset="112" sl="40" sc="9" el="40" ec="10" bec="0" bev="0" fileid="7" />
              </SequencePoints>
              <BranchPoints>
                <BranchPoint vc="0" uspid="138" ordinal="0" offset="24" sl="30" path="0" offsetend="26" fileid="7" />
                <BranchPoint vc="0" uspid="139" ordinal="1" offset="24" sl="30" path="1" offsetend="55" fileid="7" />
              </BranchPoints>
              <MethodPoint xsi:type="SequencePoint" vc="0" uspid="127" ordinal="0" offset="0" sl="28" sc="9" el="28" ec="10" bec="0" bev="0" fileid="7" />
            </Method>
            <Method visited="false" cyclomaticComplexity="4" nPathComplexity="8" sequenceCoverage="0" branchCoverage="0" crapScore="20" isConstructor="false" isStatic="false" isGetter="false" isSetter="false">
              <Summary numSequencePoints="20" visitedSequencePoints="0" numBranchPoints="7" visitedBranchPoints="0" sequenceCoverage="0" branchCoverage="0" maxCyclomaticComplexity="4" minCyclomaticComplexity="4" maxCrapScore="20" minCrapScore="20" visitedClasses="0" numClasses="0" visitedMethods="0" numMethods="1" />
              <MetadataToken>100663326</MetadataToken>
              <Name>System.Void StoreWPF.Repository::ReadFileJson()</Name>
              <FileRef uid="7" />
              <SequencePoints>
                <SequencePoint vc="0" uspid="140" ordinal="0" offset="0" sl="42" sc="9" el="42" ec="10" bec="0" bev="0" fileid="7" />
                <SequencePoint vc="0" uspid="141" ordinal="1" offset="1" sl="43" sc="13" el="43" ec="80" bec="0" bev="0" fileid="7" />
                <SequencePoint vc="0" uspid="142" ordinal="2" offset="13" sl="44" sc="13" el="44" ec="65" bec="2" bev="0" fileid="7" />
                <SequencePoint vc="0" uspid="143" ordinal="3" offset="26" sl="45" sc="13" el="45" ec="14" bec="0" bev="0" fileid="7" />
                <SequencePoint vc="0" uspid="144" ordinal="4" offset="27" sl="46" sc="17" el="46" ec="102" bec="0" bev="0" fileid="7" />
                <SequencePoint vc="0" uspid="145" ordinal="5" offset="38" sl="47" sc="17" el="47" ec="54" bec="0" bev="0" fileid="7" />
                <SequencePoint vc="0" uspid="146" ordinal="6" offset="54" sl="48" sc="13" el="48" ec="14" bec="0" bev="0" fileid="7" />
                <SequencePoint vc="0" uspid="147" ordinal="7" offset="55" sl="49" sc="13" el="49" ec="75" bec="0" bev="0" fileid="7" />
                <SequencePoint vc="0" uspid="148" ordinal="8" offset="66" sl="50" sc="13" el="50" ec="59" bec="2" bev="0" fileid="7" />
                <SequencePoint vc="0" uspid="149" ordinal="9" offset="81" sl="51" sc="13" el="51" ec="14" bec="0" bev="0" fileid="7" />
                <SequencePoint vc="0" uspid="150" ordinal="10" offset="82" sl="52" sc="17" el="52" ec="93" bec="0" bev="0" fileid="7" />
                <SequencePoint vc="0" uspid="151" ordinal="11" offset="93" sl="53" sc="17" el="53" ec="49" bec="0" bev="0" fileid="7" />
                <SequencePoint vc="0" uspid="152" ordinal="12" offset="109" sl="54" sc="13" el="54" ec="14" bec="0" bev="0" fileid="7" />
                <SequencePoint vc="0" uspid="153" ordinal="13" offset="110" sl="55" sc="13" el="55" ec="87" bec="0" bev="0" fileid="7" />
                <SequencePoint vc="0" uspid="154" ordinal="14" offset="122" sl="56" sc="13" el="56" ec="65" bec="2" bev="0" fileid="7" />
                <SequencePoint vc="0" uspid="155" ordinal="15" offset="137" sl="57" sc="13" el="57" ec="14" bec="0" bev="0" fileid="7" />
                <SequencePoint vc="0" uspid="156" ordinal="16" offset="138" sl="58" sc="17" el="58" ec="111" bec="0" bev="0" fileid="7" />
                <SequencePoint vc="0" uspid="157" ordinal="17" offset="149" sl="59" sc="17" el="59" ec="61" bec="0" bev="0" fileid="7" />
                <SequencePoint vc="0" uspid="158" ordinal="18" offset="165" sl="60" sc="13" el="60" ec="14" bec="0" bev="0" fileid="7" />
                <SequencePoint vc="0" uspid="159" ordinal="19" offset="166" sl="61" sc="9" el="61" ec="10" bec="0" bev="0" fileid="7" />
              </SequencePoints>
              <BranchPoints>
                <BranchPoint vc="0" uspid="160" ordinal="0" offset="24" sl="44" path="0" offsetend="26" fileid="7" />
                <BranchPoint vc="0" uspid="161" ordinal="1" offset="24" sl="44" path="1" offsetend="55" fileid="7" />
                <BranchPoint vc="0" uspid="162" ordinal="2" offset="79" sl="50" path="0" offsetend="81" fileid="7" />
                <BranchPoint vc="0" uspid="163" ordinal="3" offset="79" sl="50" path="1" offsetend="110" fileid="7" />
                <BranchPoint vc="0" uspid="164" ordinal="4" offset="135" sl="56" path="0" offsetend="137" fileid="7" />
                <BranchPoint vc="0" uspid="165" ordinal="5" offset="135" sl="56" path="1" offsetend="166" fileid="7" />
              </BranchPoints>
              <MethodPoint xsi:type="SequencePoint" vc="0" uspid="140" ordinal="0" offset="0" sl="42" sc="9" el="42" ec="10" bec="0" bev="0" fileid="7" />
            </Method>
            <Method visited="false" cyclomaticComplexity="3" nPathComplexity="2" sequenceCoverage="0" branchCoverage="0" crapScore="12" isConstructor="false" isStatic="true" isGetter="false" isSetter="false">
              <Summary numSequencePoints="16" visitedSequencePoints="0" numBranchPoints="3" visitedBranchPoints="0" sequenceCoverage="0" branchCoverage="0" maxCyclomaticComplexity="3" minCyclomaticComplexity="3" maxCrapScore="12" minCrapScore="12" visitedClasses="0" numClasses="0" visitedMethods="0" numMethods="1" />
              <MetadataToken>100663327</MetadataToken>
              <Name>System.Void StoreWPF.Repository::RegAccount(System.String,System.String)</Name>
              <FileRef uid="7" />
              <SequencePoints>
                <SequencePoint vc="0" uspid="166" ordinal="0" offset="0" sl="63" sc="9" el="63" ec="10" bec="0" bev="0" fileid="7" />
                <SequencePoint vc="0" uspid="167" ordinal="1" offset="1" sl="64" sc="13" el="64" ec="54" bec="0" bev="0" fileid="7" />
                <SequencePoint vc="0" uspid="168" ordinal="2" offset="7" sl="65" sc="13" el="65" ec="39" bec="0" bev="0" fileid="7" />
                <SequencePoint vc="0" uspid="169" ordinal="3" offset="14" sl="66" sc="13" el="66" ec="20" bec="0" bev="0" fileid="7" />
                <SequencePoint vc="0" uspid="170" ordinal="4" offset="15" sl="66" sc="34" el="66" ec="48" bec="0" bev="0" fileid="7" />
                <SequencePoint vc="0" uspid="171" ordinal="5" offset="28" sl="66" sc="22" el="66" ec="30" bec="0" bev="0" fileid="7" />
                <SequencePoint vc="0" uspid="172" ordinal="6" offset="36" sl="67" sc="13" el="67" ec="14" bec="0" bev="0" fileid="7" />
                <SequencePoint vc="0" uspid="173" ordinal="7" offset="37" sl="68" sc="17" el="68" ec="41" bec="2" bev="0" fileid="7" />
                <SequencePoint vc="0" uspid="174" ordinal="8" offset="53" sl="69" sc="17" el="69" ec="18" bec="0" bev="0" fileid="7" />
                <SequencePoint vc="0" uspid="175" ordinal="9" offset="54" sl="71" sc="21" el="71" ec="70" bec="0" bev="0" fileid="7" />
                <SequencePoint vc="0" uspid="176" ordinal="10" offset="65" sl="72" sc="21" el="72" ec="30" bec="0" bev="0" fileid="7" />
                <SequencePoint vc="0" uspid="177" ordinal="11" offset="67" sl="74" sc="17" el="74" ec="48" bec="0" bev="0" fileid="7" />
                <SequencePoint vc="0" uspid="178" ordinal="12" offset="84" sl="75" sc="13" el="75" ec="14" bec="0" bev="0" fileid="7" />
                <SequencePoint vc="0" uspid="179" ordinal="13" offset="85" sl="66" sc="31" el="66" ec="33" bec="0" bev="0" fileid="7" />
                <SequencePoint vc="0" uspid="180" ordinal="14" offset="111" sl="76" sc="13" el="76" ec="55" bec="0" bev="0" fileid="7" />
                <SequencePoint vc="0" uspid="181" ordinal="15" offset="120" sl="77" sc="9" el="77" ec="10" bec="0" bev="0" fileid="7" />
              </SequencePoints>
              <BranchPoints>
                <BranchPoint vc="0" uspid="182" ordinal="0" offset="51" sl="68" path="0" offsetend="53" fileid="7" />
                <BranchPoint vc="0" uspid="183" ordinal="1" offset="51" sl="68" path="1" offsetend="67" fileid="7" />
              </BranchPoints>
              <MethodPoint xsi:type="SequencePoint" vc="0" uspid="166" ordinal="0" offset="0" sl="63" sc="9" el="63" ec="10" bec="0" bev="0" fileid="7" />
            </Method>
            <Method visited="false" cyclomaticComplexity="8" nPathComplexity="64" sequenceCoverage="0" branchCoverage="0" crapScore="72" isConstructor="false" isStatic="true" isGetter="false" isSetter="false">
              <Summary numSequencePoints="24" visitedSequencePoints="0" numBranchPoints="13" visitedBranchPoints="0" sequenceCoverage="0" branchCoverage="0" maxCyclomaticComplexity="8" minCyclomaticComplexity="8" maxCrapScore="72" minCrapScore="72" visitedClasses="0" numClasses="0" visitedMethods="0" numMethods="1" />
              <MetadataToken>100663328</MetadataToken>
              <Name>System.Void StoreWPF.Repository::AutAccount(System.String,System.String)</Name>
              <FileRef uid="7" />
              <SequencePoints>
                <SequencePoint vc="0" uspid="186" ordinal="0" offset="0" sl="79" sc="9" el="79" ec="10" bec="0" bev="0" fileid="7" />
                <SequencePoint vc="0" uspid="187" ordinal="1" offset="1" sl="80" sc="13" el="80" ec="63" bec="0" bev="0" fileid="7" />
                <SequencePoint vc="0" uspid="188" ordinal="2" offset="7" sl="81" sc="13" el="81" ec="20" bec="0" bev="0" fileid="7" />
                <SequencePoint vc="0" uspid="189" ordinal="3" offset="8" sl="81" sc="34" el="81" ec="48" bec="0" bev="0" fileid="7" />
                <SequencePoint vc="0" uspid="190" ordinal="4" offset="24" sl="81" sc="22" el="81" ec="30" bec="0" bev="0" fileid="7" />
                <SequencePoint vc="0" uspid="191" ordinal="5" offset="32" sl="82" sc="13" el="82" ec="14" bec="0" bev="0" fileid="7" />
                <SequencePoint vc="0" uspid="192" ordinal="6" offset="33" sl="83" sc="17" el="83" ec="70" bec="4" bev="0" fileid="7" />
                <SequencePoint vc="0" uspid="193" ordinal="7" offset="66" sl="84" sc="17" el="84" ec="18" bec="0" bev="0" fileid="7" />
                <SequencePoint vc="0" uspid="194" ordinal="8" offset="67" sl="85" sc="21" el="85" ec="55" bec="0" bev="0" fileid="7" />
                <SequencePoint vc="0" uspid="195" ordinal="9" offset="78" sl="87" sc="21" el="87" ec="73" bec="0" bev="0" fileid="7" />
                <SequencePoint vc="0" uspid="196" ordinal="10" offset="100" sl="88" sc="21" el="88" ec="52" bec="0" bev="0" fileid="7" />
                <SequencePoint vc="0" uspid="197" ordinal="11" offset="106" sl="89" sc="21" el="89" ec="65" bec="4" bev="0" fileid="7" />
                <SequencePoint vc="0" uspid="198" ordinal="12" offset="139" sl="90" sc="21" el="90" ec="22" bec="0" bev="0" fileid="7" />
                <SequencePoint vc="0" uspid="199" ordinal="13" offset="140" sl="91" sc="25" el="91" ec="48" bec="0" bev="0" fileid="7" />
                <SequencePoint vc="0" uspid="200" ordinal="14" offset="146" sl="92" sc="25" el="92" ec="50" bec="0" bev="0" fileid="7" />
                <SequencePoint vc="0" uspid="201" ordinal="15" offset="157" sl="93" sc="25" el="93" ec="31" bec="0" bev="0" fileid="7" />
                <SequencePoint vc="0" uspid="202" ordinal="16" offset="159" sl="95" sc="21" el="95" ec="45" bec="0" bev="0" fileid="7" />
                <SequencePoint vc="0" uspid="203" ordinal="17" offset="170" sl="96" sc="21" el="96" ec="27" bec="0" bev="0" fileid="7" />
                <SequencePoint vc="0" uspid="204" ordinal="18" offset="172" sl="99" sc="13" el="99" ec="14" bec="0" bev="0" fileid="7" />
                <SequencePoint vc="0" uspid="205" ordinal="19" offset="173" sl="81" sc="31" el="81" ec="33" bec="0" bev="0" fileid="7" />
                <SequencePoint vc="0" uspid="206" ordinal="20" offset="202" sl="100" sc="13" el="100" ec="78" bec="4" bev="0" fileid="7" />
                <SequencePoint vc="0" uspid="207" ordinal="21" offset="226" sl="101" sc="13" el="101" ec="14" bec="0" bev="0" fileid="7" />
                <SequencePoint vc="0" uspid="208" ordinal="22" offset="227" sl="104" sc="13" el="104" ec="14" bec="0" bev="0" fileid="7" />
                <SequencePoint vc="0" uspid="209" ordinal="23" offset="228" sl="105" sc="9" el="105" ec="10" bec="0" bev="0" fileid="7" />
              </SequencePoints>
              <BranchPoints>
                <BranchPoint vc="0" uspid="210" ordinal="0" offset="45" sl="83" path="0" offsetend="47" fileid="7" />
                <BranchPoint vc="0" uspid="211" ordinal="1" offset="45" sl="83" path="1" offsetend="61" fileid="7" />
                <BranchPoint vc="0" uspid="212" ordinal="2" offset="64" sl="83" path="0" offsetend="66" fileid="7" />
                <BranchPoint vc="0" uspid="213" ordinal="3" offset="64" sl="83" path="1" offsetend="172" fileid="7" />
                <BranchPoint vc="0" uspid="214" ordinal="4" offset="117" sl="89" path="0" offsetend="119" fileid="7" />
                <BranchPoint vc="0" uspid="215" ordinal="5" offset="117" sl="89" path="1" offsetend="132" fileid="7" />
                <BranchPoint vc="0" uspid="216" ordinal="6" offset="137" sl="89" path="0" offsetend="139" fileid="7" />
                <BranchPoint vc="0" uspid="217" ordinal="7" offset="137" sl="89" path="1" offsetend="159" fileid="7" />
                <BranchPoint vc="0" uspid="220" ordinal="10" offset="207" sl="100" path="0" offsetend="209" fileid="7" />
                <BranchPoint vc="0" uspid="221" ordinal="11" offset="207" sl="100" path="1" offsetend="219" fileid="7" />
                <BranchPoint vc="0" uspid="222" ordinal="12" offset="224" sl="100" path="0" offsetend="226" fileid="7" />
                <BranchPoint vc="0" uspid="223" ordinal="13" offset="224" sl="100" path="1" offsetend="228" fileid="7" />
              </BranchPoints>
              <MethodPoint xsi:type="SequencePoint" vc="0" uspid="186" ordinal="0" offset="0" sl="79" sc="9" el="79" ec="10" bec="0" bev="0" fileid="7" />
            </Method>
            <Method visited="false" cyclomaticComplexity="2" nPathComplexity="2" sequenceCoverage="0" branchCoverage="0" crapScore="6" isConstructor="false" isStatic="false" isGetter="false" isSetter="false">
              <Summary numSequencePoints="10" visitedSequencePoints="0" numBranchPoints="3" visitedBranchPoints="0" sequenceCoverage="0" branchCoverage="0" maxCyclomaticComplexity="2" minCyclomaticComplexity="2" maxCrapScore="6" minCrapScore="6" visitedClasses="0" numClasses="0" visitedMethods="0" numMethods="1" />
              <MetadataToken>100663329</MetadataToken>
              <Name>System.Void StoreWPF.Repository::WriteFileJsonProduct(System.String,System.String,System.String,System.Int32,System.Int32)</Name>
              <FileRef uid="7" />
              <SequencePoints>
                <SequencePoint vc="0" uspid="224" ordinal="0" offset="0" sl="108" sc="9" el="108" ec="10" bec="0" bev="0" fileid="7" />
                <SequencePoint vc="0" uspid="225" ordinal="1" offset="1" sl="109" sc="13" el="109" ec="75" bec="0" bev="0" fileid="7" />
                <SequencePoint vc="0" uspid="226" ordinal="2" offset="12" sl="110" sc="13" el="110" ec="59" bec="2" bev="0" fileid="7" />
                <SequencePoint vc="0" uspid="227" ordinal="3" offset="25" sl="111" sc="13" el="111" ec="14" bec="0" bev="0" fileid="7" />
                <SequencePoint vc="0" uspid="228" ordinal="4" offset="26" sl="112" sc="17" el="112" ec="93" bec="0" bev="0" fileid="7" />
                <SequencePoint vc="0" uspid="229" ordinal="5" offset="37" sl="113" sc="13" el="113" ec="14" bec="0" bev="0" fileid="7" />
                <SequencePoint vc="0" uspid="230" ordinal="6" offset="38" sl="114" sc="13" el="114" ec="28" bec="0" bev="0" fileid="7" />
                <SequencePoint vc="0" uspid="231" ordinal="7" offset="45" sl="115" sc="13" el="115" ec="102" bec="0" bev="0" fileid="7" />
                <SequencePoint vc="0" uspid="232" ordinal="8" offset="74" sl="116" sc="13" el="116" ec="87" bec="0" bev="0" fileid="7" />
                <SequencePoint vc="0" uspid="233" ordinal="9" offset="95" sl="118" sc="9" el="118" ec="10" bec="0" bev="0" fileid="7" />
              </SequencePoints>
              <BranchPoints>
                <BranchPoint vc="0" uspid="234" ordinal="0" offset="23" sl="110" path="0" offsetend="25" fileid="7" />
                <BranchPoint vc="0" uspid="235" ordinal="1" offset="23" sl="110" path="1" offsetend="38" fileid="7" />
              </BranchPoints>
              <MethodPoint xsi:type="SequencePoint" vc="0" uspid="224" ordinal="0" offset="0" sl="108" sc="9" el="108" ec="10" bec="0" bev="0" fileid="7" />
            </Method>
            <Method visited="false" cyclomaticComplexity="2" nPathComplexity="2" sequenceCoverage="0" branchCoverage="0" crapScore="6" isConstructor="false" isStatic="false" isGetter="false" isSetter="false">
              <Summary numSequencePoints="11" visitedSequencePoints="0" numBranchPoints="3" visitedBranchPoints="0" sequenceCoverage="0" branchCoverage="0" maxCyclomaticComplexity="2" minCyclomaticComplexity="2" maxCrapScore="6" minCrapScore="6" visitedClasses="0" numClasses="0" visitedMethods="0" numMethods="1" />
              <MetadataToken>100663330</MetadataToken>
              <Name>System.Void StoreWPF.Repository::WriteFileJsonProductInCart(System.Int32,System.String,System.String,System.String,System.Int32,System.Int32,System.Int32)</Name>
              <FileRef uid="7" />
              <SequencePoints>
                <SequencePoint vc="0" uspid="236" ordinal="0" offset="0" sl="121" sc="9" el="121" ec="10" bec="0" bev="0" fileid="7" />
                <SequencePoint vc="0" uspid="237" ordinal="1" offset="1" sl="122" sc="13" el="122" ec="76" bec="0" bev="0" fileid="7" />
                <SequencePoint vc="0" uspid="238" ordinal="2" offset="13" sl="123" sc="13" el="123" ec="54" bec="2" bev="0" fileid="7" />
                <SequencePoint vc="0" uspid="239" ordinal="3" offset="26" sl="124" sc="13" el="124" ec="14" bec="0" bev="0" fileid="7" />
                <SequencePoint vc="0" uspid="240" ordinal="4" offset="27" sl="125" sc="17" el="125" ec="100" bec="0" bev="0" fileid="7" />
                <SequencePoint vc="0" uspid="241" ordinal="5" offset="38" sl="126" sc="13" el="126" ec="14" bec="0" bev="0" fileid="7" />
                <SequencePoint vc="0" uspid="242" ordinal="6" offset="39" sl="127" sc="13" el="127" ec="28" bec="0" bev="0" fileid="7" />
                <SequencePoint vc="0" uspid="243" ordinal="7" offset="46" sl="128" sc="13" el="128" ec="137" bec="0" bev="0" fileid="7" />
                <SequencePoint vc="0" uspid="244" ordinal="8" offset="79" sl="129" sc="13" el="129" ec="99" bec="0" bev="0" fileid="7" />
                <SequencePoint vc="0" uspid="245" ordinal="9" offset="101" sl="130" sc="13" el="130" ec="61" bec="0" bev="0" fileid="7" />
                <SequencePoint vc="0" uspid="246" ordinal="10" offset="112" sl="131" sc="9" el="131" ec="10" bec="0" bev="0" fileid="7" />
              </SequencePoints>
              <BranchPoints>
                <BranchPoint vc="0" uspid="247" ordinal="0" offset="24" sl="123" path="0" offsetend="26" fileid="7" />
                <BranchPoint vc="0" uspid="248" ordinal="1" offset="24" sl="123" path="1" offsetend="39" fileid="7" />
              </BranchPoints>
              <MethodPoint xsi:type="SequencePoint" vc="0" uspid="236" ordinal="0" offset="0" sl="121" sc="9" el="121" ec="10" bec="0" bev="0" fileid="7" />
            </Method>
            <Method visited="false" cyclomaticComplexity="1" nPathComplexity="0" sequenceCoverage="0" branchCoverage="0" crapScore="2" isConstructor="false" isStatic="false" isGetter="false" isSetter="false">
              <Summary numSequencePoints="4" visitedSequencePoints="0" numBranchPoints="1" visitedBranchPoints="0" sequenceCoverage="0" branchCoverage="0" maxCyclomaticComplexity="1" minCyclomaticComplexity="1" maxCrapScore="2" minCrapScore="2" visitedClasses="0" numClasses="0" visitedMethods="0" numMethods="1" />
              <MetadataToken>100663331</MetadataToken>
              <Name>System.Void StoreWPF.Repository::ReloadFileJsonProduct(System.Collections.Generic.List`1&lt;StoreWPF.Product&gt;)</Name>
              <FileRef uid="7" />
              <SequencePoints>
                <SequencePoint vc="0" uspid="249" ordinal="0" offset="0" sl="134" sc="9" el="134" ec="10" bec="0" bev="0" fileid="7" />
                <SequencePoint vc="0" uspid="250" ordinal="1" offset="1" sl="135" sc="13" el="135" ec="87" bec="0" bev="0" fileid="7" />
                <SequencePoint vc="0" uspid="251" ordinal="2" offset="18" sl="136" sc="13" el="136" ec="28" bec="0" bev="0" fileid="7" />
                <SequencePoint vc="0" uspid="252" ordinal="3" offset="25" sl="139" sc="9" el="139" ec="10" bec="0" bev="0" fileid="7" />
              </SequencePoints>
              <BranchPoints />
              <MethodPoint xsi:type="SequencePoint" vc="0" uspid="249" ordinal="0" offset="0" sl="134" sc="9" el="134" ec="10" bec="0" bev="0" fileid="7" />
            </Method>
            <Method visited="false" cyclomaticComplexity="1" nPathComplexity="0" sequenceCoverage="0" branchCoverage="0" crapScore="2" isConstructor="false" isStatic="false" isGetter="false" isSetter="false">
              <Summary numSequencePoints="5" visitedSequencePoints="0" numBranchPoints="1" visitedBranchPoints="0" sequenceCoverage="0" branchCoverage="0" maxCyclomaticComplexity="1" minCyclomaticComplexity="1" maxCrapScore="2" minCrapScore="2" visitedClasses="0" numClasses="0" visitedMethods="0" numMethods="1" />
              <MetadataToken>100663332</MetadataToken>
              <Name>System.Void StoreWPF.Repository::ReloadFileJsonProductInCart(System.Collections.Generic.List`1&lt;StoreWPF.ProductInCart&gt;)</Name>
              <FileRef uid="7" />
              <SequencePoints>
                <SequencePoint vc="0" uspid="253" ordinal="0" offset="0" sl="142" sc="9" el="142" ec="10" bec="0" bev="0" fileid="7" />
                <SequencePoint vc="0" uspid="254" ordinal="1" offset="1" sl="143" sc="13" el="143" ec="98" bec="0" bev="0" fileid="7" />
                <SequencePoint vc="0" uspid="255" ordinal="2" offset="19" sl="144" sc="13" el="144" ec="28" bec="0" bev="0" fileid="7" />
                <SequencePoint vc="0" uspid="256" ordinal="3" offset="26" sl="145" sc="13" el="145" ec="48" bec="0" bev="0" fileid="7" />
                <SequencePoint vc="0" uspid="257" ordinal="4" offset="37" sl="146" sc="9" el="146" ec="10" bec="0" bev="0" fileid="7" />
              </SequencePoints>
              <BranchPoints />
              <MethodPoint xsi:type="SequencePoint" vc="0" uspid="253" ordinal="0" offset="0" sl="142" sc="9" el="142" ec="10" bec="0" bev="0" fileid="7" />
            </Method>
            <Method visited="false" cyclomaticComplexity="1" nPathComplexity="0" sequenceCoverage="0" branchCoverage="0" crapScore="2" isConstructor="false" isStatic="false" isGetter="false" isSetter="false">
              <Summary numSequencePoints="2" visitedSequencePoints="0" numBranchPoints="1" visitedBranchPoints="0" sequenceCoverage="0" branchCoverage="0" maxCyclomaticComplexity="1" minCyclomaticComplexity="1" maxCrapScore="2" minCrapScore="2" visitedClasses="0" numClasses="0" visitedMethods="0" numMethods="1" />
              <MetadataToken>100663333</MetadataToken>
              <Name>System.Void StoreWPF.Repository::ReloadListView(System.Windows.Controls.ListView)</Name>
              <FileRef uid="7" />
              <SequencePoints>
                <SequencePoint vc="0" uspid="258" ordinal="0" offset="0" sl="148" sc="9" el="148" ec="10" bec="0" bev="0" fileid="7" />
                <SequencePoint vc="0" uspid="259" ordinal="1" offset="1" sl="158" sc="9" el="158" ec="10" bec="0" bev="0" fileid="7" />
              </SequencePoints>
              <BranchPoints />
              <MethodPoint xsi:type="SequencePoint" vc="0" uspid="258" ordinal="0" offset="0" sl="148" sc="9" el="148" ec="10" bec="0" bev="0" fileid="7" />
            </Method>
            <Method visited="false" cyclomaticComplexity="1" nPathComplexity="0" sequenceCoverage="0" branchCoverage="0" crapScore="2" isConstructor="true" isStatic="false" isGetter="false" isSetter="false">
              <Summary numSequencePoints="2" visitedSequencePoints="0" numBranchPoints="1" visitedBranchPoints="0" sequenceCoverage="0" branchCoverage="0" maxCyclomaticComplexity="1" minCyclomaticComplexity="1" maxCrapScore="2" minCrapScore="2" visitedClasses="0" numClasses="0" visitedMethods="0" numMethods="1" />
              <MetadataToken>100663334</MetadataToken>
              <Name>System.Void StoreWPF.Repository::.ctor()</Name>
              <FileRef uid="7" />
              <SequencePoints>
                <SequencePoint vc="0" uspid="260" ordinal="0" offset="0" sl="21" sc="9" el="21" ec="79" bec="0" bev="0" fileid="7" />
                <SequencePoint vc="0" uspid="261" ordinal="1" offset="11" sl="23" sc="9" el="23" ec="86" bec="0" bev="0" fileid="7" />
              </SequencePoints>
              <BranchPoints />
              <MethodPoint xsi:type="SequencePoint" vc="0" uspid="260" ordinal="0" offset="0" sl="21" sc="9" el="21" ec="79" bec="0" bev="0" fileid="7" />
            </Method>
            <Method visited="false" cyclomaticComplexity="1" nPathComplexity="0" sequenceCoverage="0" branchCoverage="0" crapScore="2" isConstructor="true" isStatic="true" isGetter="false" isSetter="false">
              <Summary numSequencePoints="4" visitedSequencePoints="0" numBranchPoints="1" visitedBranchPoints="0" sequenceCoverage="0" branchCoverage="0" maxCyclomaticComplexity="1" minCyclomaticComplexity="1" maxCrapScore="2" minCrapScore="2" visitedClasses="0" numClasses="0" visitedMethods="0" numMethods="1" />
              <MetadataToken>100663335</MetadataToken>
              <Name>System.Void StoreWPF.Repository::.cctor()</Name>
              <FileRef uid="7" />
              <SequencePoints>
                <SequencePoint vc="0" uspid="262" ordinal="0" offset="0" sl="18" sc="9" el="18" ec="68" bec="0" bev="0" fileid="7" />
                <SequencePoint vc="0" uspid="263" ordinal="1" offset="10" sl="19" sc="9" el="19" ec="68" bec="0" bev="0" fileid="7" />
                <SequencePoint vc="0" uspid="264" ordinal="2" offset="20" sl="20" sc="9" el="20" ec="86" bec="0" bev="0" fileid="7" />
                <SequencePoint vc="0" uspid="265" ordinal="3" offset="30" sl="22" sc="9" el="22" ec="84" bec="0" bev="0" fileid="7" />
              </SequencePoints>
              <BranchPoints />
              <MethodPoint xsi:type="SequencePoint" vc="0" uspid="262" ordinal="0" offset="0" sl="18" sc="9" el="18" ec="68" bec="0" bev="0" fileid="7" />
            </Method>
          </Methods>
        </Class>
        <Class>
          <Summary numSequencePoints="24" visitedSequencePoints="0" numBranchPoints="7" visitedBranchPoints="0" sequenceCoverage="0" branchCoverage="0" maxCyclomaticComplexity="1" minCyclomaticComplexity="1" maxCrapScore="2" minCrapScore="2" visitedClasses="0" numClasses="1" visitedMethods="0" numMethods="7" />
          <FullName>StoreWPF.User</FullName>
          <Methods>
            <Method visited="false" cyclomaticComplexity="1" nPathComplexity="0" sequenceCoverage="0" branchCoverage="0" crapScore="2" isConstructor="false" isStatic="false" isGetter="true" isSetter="false">
              <Summary numSequencePoints="3" visitedSequencePoints="0" numBranchPoints="1" visitedBranchPoints="0" sequenceCoverage="0" branchCoverage="0" maxCyclomaticComplexity="1" minCyclomaticComplexity="1" maxCrapScore="2" minCrapScore="2" visitedClasses="0" numClasses="0" visitedMethods="0" numMethods="1" />
              <MetadataToken>100663336</MetadataToken>
              <Name>System.Int32 StoreWPF.User::get_Id()</Name>
              <FileRef uid="8" />
              <SequencePoints>
                <SequencePoint vc="0" uspid="266" ordinal="0" offset="0" sl="19" sc="17" el="19" ec="18" bec="0" bev="0" fileid="8" />
                <SequencePoint vc="0" uspid="267" ordinal="1" offset="1" sl="19" sc="19" el="19" ec="29" bec="0" bev="0" fileid="8" />
                <SequencePoint vc="0" uspid="268" ordinal="2" offset="10" sl="19" sc="30" el="19" ec="31" bec="0" bev="0" fileid="8" />
              </SequencePoints>
              <BranchPoints />
              <MethodPoint xsi:type="SequencePoint" vc="0" uspid="266" ordinal="0" offset="0" sl="19" sc="17" el="19" ec="18" bec="0" bev="0" fileid="8" />
            </Method>
            <Method visited="false" cyclomaticComplexity="1" nPathComplexity="0" sequenceCoverage="0" branchCoverage="0" crapScore="2" isConstructor="false" isStatic="false" isGetter="false" isSetter="true">
              <Summary numSequencePoints="3" visitedSequencePoints="0" numBranchPoints="1" visitedBranchPoints="0" sequenceCoverage="0" branchCoverage="0" maxCyclomaticComplexity="1" minCyclomaticComplexity="1" maxCrapScore="2" minCrapScore="2" visitedClasses="0" numClasses="0" visitedMethods="0" numMethods="1" />
              <MetadataToken>100663337</MetadataToken>
              <Name>System.Void StoreWPF.User::set_Id(System.Int32)</Name>
              <FileRef uid="8" />
              <SequencePoints>
                <SequencePoint vc="0" uspid="269" ordinal="0" offset="0" sl="20" sc="17" el="20" ec="18" bec="0" bev="0" fileid="8" />
                <SequencePoint vc="0" uspid="270" ordinal="1" offset="1" sl="20" sc="19" el="20" ec="30" bec="0" bev="0" fileid="8" />
                <SequencePoint vc="0" uspid="271" ordinal="2" offset="8" sl="20" sc="31" el="20" ec="32" bec="0" bev="0" fileid="8" />
              </SequencePoints>
              <BranchPoints />
              <MethodPoint xsi:type="SequencePoint" vc="0" uspid="269" ordinal="0" offset="0" sl="20" sc="17" el="20" ec="18" bec="0" bev="0" fileid="8" />
            </Method>
            <Method visited="false" cyclomaticComplexity="1" nPathComplexity="0" sequenceCoverage="0" branchCoverage="0" crapScore="2" isConstructor="false" isStatic="false" isGetter="true" isSetter="false">
              <Summary numSequencePoints="3" visitedSequencePoints="0" numBranchPoints="1" visitedBranchPoints="0" sequenceCoverage="0" branchCoverage="0" maxCyclomaticComplexity="1" minCyclomaticComplexity="1" maxCrapScore="2" minCrapScore="2" visitedClasses="0" numClasses="0" visitedMethods="0" numMethods="1" />
              <MetadataToken>100663338</MetadataToken>
              <Name>System.String StoreWPF.User::get_Login()</Name>
              <FileRef uid="8" />
              <SequencePoints>
                <SequencePoint vc="0" uspid="272" ordinal="0" offset="0" sl="26" sc="17" el="26" ec="18" bec="0" bev="0" fileid="8" />
                <SequencePoint vc="0" uspid="273" ordinal="1" offset="1" sl="26" sc="19" el="26" ec="32" bec="0" bev="0" fileid="8" />
                <SequencePoint vc="0" uspid="274" ordinal="2" offset="10" sl="26" sc="33" el="26" ec="34" bec="0" bev="0" fileid="8" />
              </SequencePoints>
              <BranchPoints />
              <MethodPoint xsi:type="SequencePoint" vc="0" uspid="272" ordinal="0" offset="0" sl="26" sc="17" el="26" ec="18" bec="0" bev="0" fileid="8" />
            </Method>
            <Method visited="false" cyclomaticComplexity="1" nPathComplexity="0" sequenceCoverage="0" branchCoverage="0" crapScore="2" isConstructor="false" isStatic="false" isGetter="false" isSetter="true">
              <Summary numSequencePoints="3" visitedSequencePoints="0" numBranchPoints="1" visitedBranchPoints="0" sequenceCoverage="0" branchCoverage="0" maxCyclomaticComplexity="1" minCyclomaticComplexity="1" maxCrapScore="2" minCrapScore="2" visitedClasses="0" numClasses="0" visitedMethods="0" numMethods="1" />
              <MetadataToken>100663339</MetadataToken>
              <Name>System.Void StoreWPF.User::set_Login(System.String)</Name>
              <FileRef uid="8" />
              <SequencePoints>
                <SequencePoint vc="0" uspid="275" ordinal="0" offset="0" sl="27" sc="17" el="27" ec="18" bec="0" bev="0" fileid="8" />
                <SequencePoint vc="0" uspid="276" ordinal="1" offset="1" sl="27" sc="19" el="27" ec="33" bec="0" bev="0" fileid="8" />
                <SequencePoint vc="0" uspid="277" ordinal="2" offset="8" sl="27" sc="34" el="27" ec="35" bec="0" bev="0" fileid="8" />
              </SequencePoints>
              <BranchPoints />
              <MethodPoint xsi:type="SequencePoint" vc="0" uspid="275" ordinal="0" offset="0" sl="27" sc="17" el="27" ec="18" bec="0" bev="0" fileid="8" />
            </Method>
            <Method visited="false" cyclomaticComplexity="1" nPathComplexity="0" sequenceCoverage="0" branchCoverage="0" crapScore="2" isConstructor="false" isStatic="false" isGetter="true" isSetter="false">
              <Summary numSequencePoints="3" visitedSequencePoints="0" numBranchPoints="1" visitedBranchPoints="0" sequenceCoverage="0" branchCoverage="0" maxCyclomaticComplexity="1" minCyclomaticComplexity="1" maxCrapScore="2" minCrapScore="2" visitedClasses="0" numClasses="0" visitedMethods="0" numMethods="1" />
              <MetadataToken>100663340</MetadataToken>
[...]
                <SequencePoint vc="0" uspid="480" ordinal="7" offset="60" sl="49" sc="13" el="49" ec="49" bec="2" bev="0" fileid="16" />
                <SequencePoint vc="0" uspid="481" ordinal="8" offset="78" sl="50" sc="13" el="50" ec="14" bec="0" bev="0" fileid="16" />
                <SequencePoint vc="0" uspid="482" ordinal="9" offset="79" sl="51" sc="17" el="51" ec="66" bec="0" bev="0" fileid="16" />
                <SequencePoint vc="0" uspid="483" ordinal="10" offset="92" sl="52" sc="13" el="52" ec="14" bec="0" bev="0" fileid="16" />
                <SequencePoint vc="0" uspid="484" ordinal="11" offset="93" sl="53" sc="13" el="53" ec="54" bec="0" bev="0" fileid="16" />
                <SequencePoint vc="0" uspid="485" ordinal="12" offset="99" sl="54" sc="13" el="54" ec="39" bec="0" bev="0" fileid="16" />
                <SequencePoint vc="0" uspid="486" ordinal="13" offset="106" sl="55" sc="13" el="55" ec="82" bec="0" bev="0" fileid="16" />
                <SequencePoint vc="0" uspid="487" ordinal="14" offset="134" sl="56" sc="13" el="56" ec="49" bec="2" bev="0" fileid="16" />
                <SequencePoint vc="0" uspid="488" ordinal="15" offset="143" sl="57" sc="13" el="57" ec="14" bec="0" bev="0" fileid="16" />
                <SequencePoint vc="0" uspid="489" ordinal="16" offset="144" sl="58" sc="17" el="58" ec="24" bec="0" bev="0" fileid="16" />
                <SequencePoint vc="0" uspid="490" ordinal="17" offset="151" sl="59" sc="13" el="59" ec="14" bec="0" bev="0" fileid="16" />
                <SequencePoint vc="0" uspid="491" ordinal="18" offset="152" sl="60" sc="9" el="60" ec="10" bec="0" bev="0" fileid="16" />
              </SequencePoints>
              <BranchPoints>
                <BranchPoint vc="0" uspid="492" ordinal="0" offset="30" sl="44" path="0" offsetend="32" fileid="16" />
                <BranchPoint vc="0" uspid="493" ordinal="1" offset="30" sl="44" path="1" offsetend="47" fileid="16" />
                <BranchPoint vc="0" uspid="494" ordinal="2" offset="76" sl="49" path="0" offsetend="78" fileid="16" />
                <BranchPoint vc="0" uspid="495" ordinal="3" offset="76" sl="49" path="1" offsetend="93" fileid="16" />
                <BranchPoint vc="0" uspid="496" ordinal="4" offset="141" sl="56" path="0" offsetend="143" fileid="16" />
                <BranchPoint vc="0" uspid="497" ordinal="5" offset="141" sl="56" path="1" offsetend="152" fileid="16" />
              </BranchPoints>
              <MethodPoint xsi:type="SequencePoint" vc="0" uspid="473" ordinal="0" offset="0" sl="41" sc="9" el="41" ec="10" bec="0" bev="0" fileid="16" />
            </Method>
          </Methods>
        </Class>
        <Class>
          <Summary numSequencePoints="66" visitedSequencePoints="0" numBranchPoints="13" visitedBranchPoints="0" sequenceCoverage="0" branchCoverage="0" maxCyclomaticComplexity="3" minCyclomaticComplexity="1" maxCrapScore="12" minCrapScore="2" visitedClasses="0" numClasses="1" visitedMethods="0" numMethods="7" />
          <FullName>StoreWPF.MainWindow</FullName>
          <Methods>
            <Method visited="false" cyclomaticComplexity="1" nPathComplexity="0" sequenceCoverage="0" branchCoverage="0" crapScore="2" isConstructor="true" isStatic="false" isGetter="false" isSetter="false">
              <Summary numSequencePoints="7" visitedSequencePoints="0" numBranchPoints="1" visitedBranchPoints="0" sequenceCoverage="0" branchCoverage="0" maxCyclomaticComplexity="1" minCyclomaticComplexity="1" maxCrapScore="2" minCrapScore="2" visitedClasses="0" numClasses="0" visitedMethods="0" numMethods="1" />
              <MetadataToken>100663372</MetadataToken>
              <Name>System.Void StoreWPF.MainWindow::.ctor()</Name>
              <FileRef uid="18" />
              <SequencePoints>
                <SequencePoint vc="0" uspid="498" ordinal="0" offset="0" sl="24" sc="9" el="24" ec="50" bec="0" bev="0" fileid="18" />
                <SequencePoint vc="0" uspid="499" ordinal="1" offset="11" sl="25" sc="9" el="25" ec="28" bec="0" bev="0" fileid="18" />
                <SequencePoint vc="0" uspid="500" ordinal="2" offset="18" sl="26" sc="9" el="26" ec="10" bec="0" bev="0" fileid="18" />
                <SequencePoint vc="0" uspid="501" ordinal="3" offset="19" sl="27" sc="13" el="27" ec="35" bec="0" bev="0" fileid="18" />
                <SequencePoint vc="0" uspid="502" ordinal="4" offset="26" sl="28" sc="13" el="28" ec="30" bec="0" bev="0" fileid="18" />
                <SequencePoint vc="0" uspid="503" ordinal="5" offset="33" sl="29" sc="13" el="29" ec="34" bec="0" bev="0" fileid="18" />
                <SequencePoint vc="0" uspid="504" ordinal="6" offset="40" sl="31" sc="9" el="31" ec="10" bec="0" bev="0" fileid="18" />
              </SequencePoints>
              <BranchPoints />
              <MethodPoint xsi:type="SequencePoint" vc="0" uspid="498" ordinal="0" offset="0" sl="24" sc="9" el="24" ec="50" bec="0" bev="0" fileid="18" />
            </Method>
            <Method visited="false" cyclomaticComplexity="2" nPathComplexity="2" sequenceCoverage="0" branchCoverage="0" crapScore="6" isConstructor="false" isStatic="false" isGetter="false" isSetter="false">
              <Summary numSequencePoints="13" visitedSequencePoints="0" numBranchPoints="3" visitedBranchPoints="0" sequenceCoverage="0" branchCoverage="0" maxCyclomaticComplexity="2" minCyclomaticComplexity="2" maxCrapScore="6" minCrapScore="6" visitedClasses="0" numClasses="0" visitedMethods="0" numMethods="1" />
              <MetadataToken>100663373</MetadataToken>
              <Name>System.Void StoreWPF.MainWindow::AccountDisplay()</Name>
              <FileRef uid="18" />
              <SequencePoints>
                <SequencePoint vc="0" uspid="505" ordinal="0" offset="0" sl="33" sc="9" el="33" ec="10" bec="0" bev="0" fileid="18" />
                <SequencePoint vc="0" uspid="506" ordinal="1" offset="1" sl="34" sc="13" el="34" ec="49" bec="2" bev="0" fileid="18" />
                <SequencePoint vc="0" uspid="507" ordinal="2" offset="10" sl="35" sc="13" el="35" ec="14" bec="0" bev="0" fileid="18" />
                <SequencePoint vc="0" uspid="508" ordinal="3" offset="11" sl="36" sc="17" el="36" ec="69" bec="0" bev="0" fileid="18" />
                <SequencePoint vc="0" uspid="509" ordinal="4" offset="24" sl="37" sc="17" el="37" ec="69" bec="0" bev="0" fileid="18" />
                <SequencePoint vc="0" uspid="510" ordinal="5" offset="37" sl="38" sc="17" el="38" ec="62" bec="0" bev="0" fileid="18" />
                <SequencePoint vc="0" uspid="511" ordinal="6" offset="50" sl="39" sc="13" el="39" ec="14" bec="0" bev="0" fileid="18" />
                <SequencePoint vc="0" uspid="512" ordinal="7" offset="53" sl="41" sc="13" el="41" ec="14" bec="0" bev="0" fileid="18" />
                <SequencePoint vc="0" uspid="513" ordinal="8" offset="54" sl="42" sc="17" el="42" ec="70" bec="0" bev="0" fileid="18" />
                <SequencePoint vc="0" uspid="514" ordinal="9" offset="67" sl="43" sc="17" el="43" ec="67" bec="0" bev="0" fileid="18" />
                <SequencePoint vc="0" uspid="515" ordinal="10" offset="80" sl="44" sc="17" el="44" ec="60" bec="0" bev="0" fileid="18" />
                <SequencePoint vc="0" uspid="516" ordinal="11" offset="93" sl="45" sc="13" el="45" ec="14" bec="0" bev="0" fileid="18" />
                <SequencePoint vc="0" uspid="517" ordinal="12" offset="94" sl="46" sc="9" el="46" ec="10" bec="0" bev="0" fileid="18" />
              </SequencePoints>
              <BranchPoints>
                <BranchPoint vc="0" uspid="518" ordinal="0" offset="8" sl="34" path="0" offsetend="10" fileid="18" />
                <BranchPoint vc="0" uspid="519" ordinal="1" offset="8" sl="34" path="1" offsetend="53" fileid="18" />
              </BranchPoints>
              <MethodPoint xsi:type="SequencePoint" vc="0" uspid="505" ordinal="0" offset="0" sl="33" sc="9" el="33" ec="10" bec="0" bev="0" fileid="18" />
            </Method>
            <Method visited="false" cyclomaticComplexity="1" nPathComplexity="0" sequenceCoverage="0" branchCoverage="0" crapScore="2" isConstructor="false" isStatic="false" isGetter="false" isSetter="false">
              <Summary numSequencePoints="5" visitedSequencePoints="0" numBranchPoints="1" visitedBranchPoints="0" sequenceCoverage="0" branchCoverage="0" maxCyclomaticComplexity="1" minCyclomaticComplexity="1" maxCrapScore="2" minCrapScore="2" visitedClasses="0" numClasses="0" visitedMethods="0" numMethods="1" />
              <MetadataToken>100663374</MetadataToken>
              <Name>System.Void StoreWPF.MainWindow::ButtonLoginToAccount_Click(System.Object,System.Windows.RoutedEventArgs)</Name>
              <FileRef uid="18" />
              <SequencePoints>
                <SequencePoint vc="0" uspid="520" ordinal="0" offset="0" sl="49" sc="9" el="49" ec="10" bec="0" bev="0" fileid="18" />
                <SequencePoint vc="0" uspid="521" ordinal="1" offset="1" sl="50" sc="13" el="50" ec="63" bec="0" bev="0" fileid="18" />
                <SequencePoint vc="0" uspid="522" ordinal="2" offset="7" sl="51" sc="13" el="51" ec="20" bec="0" bev="0" fileid="18" />
                <SequencePoint vc="0" uspid="523" ordinal="3" offset="14" sl="52" sc="13" el="52" ec="34" bec="0" bev="0" fileid="18" />
                <SequencePoint vc="0" uspid="524" ordinal="4" offset="21" sl="53" sc="9" el="53" ec="10" bec="0" bev="0" fileid="18" />
              </SequencePoints>
              <BranchPoints />
              <MethodPoint xsi:type="SequencePoint" vc="0" uspid="520" ordinal="0" offset="0" sl="49" sc="9" el="49" ec="10" bec="0" bev="0" fileid="18" />
            </Method>
            <Method visited="false" cyclomaticComplexity="2" nPathComplexity="2" sequenceCoverage="0" branchCoverage="0" crapScore="6" isConstructor="false" isStatic="false" isGetter="false" isSetter="false">
              <Summary numSequencePoints="15" visitedSequencePoints="0" numBranchPoints="3" visitedBranchPoints="0" sequenceCoverage="0" branchCoverage="0" maxCyclomaticComplexity="2" minCyclomaticComplexity="2" maxCrapScore="6" minCrapScore="6" visitedClasses="0" numClasses="0" visitedMethods="0" numMethods="1" />
              <MetadataToken>100663375</MetadataToken>
              <Name>System.Void StoreWPF.MainWindow::ButtonExitToAccount_Click(System.Object,System.Windows.RoutedEventArgs)</Name>
              <FileRef uid="18" />
              <SequencePoints>
                <SequencePoint vc="0" uspid="525" ordinal="0" offset="0" sl="56" sc="9" el="56" ec="10" bec="0" bev="0" fileid="18" />
                <SequencePoint vc="0" uspid="526" ordinal="1" offset="1" sl="57" sc="13" el="57" ec="37" bec="0" bev="0" fileid="18" />
                <SequencePoint vc="0" uspid="527" ordinal="2" offset="7" sl="58" sc="13" el="58" ec="45" bec="0" bev="0" fileid="18" />
                <SequencePoint vc="0" uspid="528" ordinal="3" offset="13" sl="59" sc="13" el="59" ec="50" bec="2" bev="0" fileid="18" />
                <SequencePoint vc="0" uspid="529" ordinal="4" offset="25" sl="60" sc="13" el="60" ec="14" bec="0" bev="0" fileid="18" />
                <SequencePoint vc="0" uspid="530" ordinal="5" offset="26" sl="61" sc="17" el="61" ec="68" bec="0" bev="0" fileid="18" />
                <SequencePoint vc="0" uspid="531" ordinal="6" offset="39" sl="62" sc="17" el="62" ec="70" bec="0" bev="0" fileid="18" />
                <SequencePoint vc="0" uspid="532" ordinal="7" offset="52" sl="63" sc="17" el="63" ec="61" bec="0" bev="0" fileid="18" />
                <SequencePoint vc="0" uspid="533" ordinal="8" offset="65" sl="64" sc="13" el="64" ec="14" bec="0" bev="0" fileid="18" />
                <SequencePoint vc="0" uspid="534" ordinal="9" offset="68" sl="66" sc="13" el="66" ec="14" bec="0" bev="0" fileid="18" />
                <SequencePoint vc="0" uspid="535" ordinal="10" offset="69" sl="67" sc="17" el="67" ec="69" bec="0" bev="0" fileid="18" />
                <SequencePoint vc="0" uspid="536" ordinal="11" offset="82" sl="68" sc="17" el="68" ec="69" bec="0" bev="0" fileid="18" />
                <SequencePoint vc="0" uspid="537" ordinal="12" offset="95" sl="69" sc="17" el="69" ec="62" bec="0" bev="0" fileid="18" />
                <SequencePoint vc="0" uspid="538" ordinal="13" offset="108" sl="70" sc="13" el="70" ec="14" bec="0" bev="0" fileid="18" />
                <SequencePoint vc="0" uspid="539" ordinal="14" offset="109" sl="71" sc="9" el="71" ec="10" bec="0" bev="0" fileid="18" />
              </SequencePoints>
              <BranchPoints>
                <BranchPoint vc="0" uspid="540" ordinal="0" offset="23" sl="59" path="0" offsetend="25" fileid="18" />
                <BranchPoint vc="0" uspid="541" ordinal="1" offset="23" sl="59" path="1" offsetend="68" fileid="18" />
              </BranchPoints>
              <MethodPoint xsi:type="SequencePoint" vc="0" uspid="525" ordinal="0" offset="0" sl="56" sc="9" el="56" ec="10" bec="0" bev="0" fileid="18" />
            </Method>
            <Method visited="false" cyclomaticComplexity="3" nPathComplexity="2" sequenceCoverage="0" branchCoverage="0" crapScore="12" isConstructor="false" isStatic="false" isGetter="false" isSetter="false">
              <Summary numSequencePoints="20" visitedSequencePoints="0" numBranchPoints="3" visitedBranchPoints="0" sequenceCoverage="0" branchCoverage="0" maxCyclomaticComplexity="3" minCyclomaticComplexity="3" maxCrapScore="12" minCrapScore="12" visitedClasses="0" numClasses="0" visitedMethods="0" numMethods="1" />
              <MetadataToken>100663376</MetadataToken>
              <Name>System.Void StoreWPF.MainWindow::ShowDisplayForUser()</Name>
              <FileRef uid="18" />
              <SequencePoints>
                <SequencePoint vc="0" uspid="542" ordinal="0" offset="0" sl="73" sc="9" el="73" ec="10" bec="0" bev="0" fileid="18" />
                <SequencePoint vc="0" uspid="543" ordinal="1" offset="1" sl="74" sc="13" el="74" ec="43" bec="0" bev="0" fileid="18" />
                <SequencePoint vc="0" uspid="544" ordinal="2" offset="18" sl="75" sc="13" el="75" ec="39" bec="0" bev="0" fileid="18" />
                <SequencePoint vc="0" uspid="545" ordinal="3" offset="30" sl="76" sc="13" el="76" ec="20" bec="0" bev="0" fileid="18" />
                <SequencePoint vc="0" uspid="546" ordinal="4" offset="31" sl="76" sc="36" el="76" ec="55" bec="0" bev="0" fileid="18" />
                <SequencePoint vc="0" uspid="547" ordinal="5" offset="44" sl="76" sc="21" el="76" ec="32" bec="0" bev="0" fileid="18" />
                <SequencePoint vc="0" uspid="548" ordinal="6" offset="52" sl="77" sc="13" el="77" ec="14" bec="0" bev="0" fileid="18" />
                <SequencePoint vc="0" uspid="549" ordinal="7" offset="53" sl="78" sc="17" el="78" ec="65" bec="0" bev="0" fileid="18" />
                <SequencePoint vc="0" uspid="550" ordinal="8" offset="60" sl="79" sc="17" el="79" ec="73" bec="0" bev="0" fileid="18" />
                <SequencePoint vc="0" uspid="551" ordinal="9" offset="73" sl="80" sc="17" el="80" ec="56" bec="0" bev="0" fileid="18" />
                <SequencePoint vc="0" uspid="552" ordinal="10" offset="91" sl="81" sc="17" el="81" ec="54" bec="2" bev="0" fileid="18" />
                <SequencePoint vc="0" uspid="553" ordinal="11" offset="103" sl="82" sc="17" el="82" ec="18" bec="0" bev="0" fileid="18" />
                <SequencePoint vc="0" uspid="554" ordinal="12" offset="104" sl="83" sc="21" el="83" ec="74" bec="0" bev="0" fileid="18" />
                <SequencePoint vc="0" uspid="555" ordinal="13" offset="117" sl="84" sc="17" el="84" ec="18" bec="0" bev="0" fileid="18" />
                <SequencePoint vc="0" uspid="556" ordinal="14" offset="120" sl="86" sc="17" el="86" ec="18" bec="0" bev="0" fileid="18" />
                <SequencePoint vc="0" uspid="557" ordinal="15" offset="121" sl="87" sc="21" el="87" ec="75" bec="0" bev="0" fileid="18" />
                <SequencePoint vc="0" uspid="558" ordinal="16" offset="134" sl="88" sc="17" el="88" ec="18" bec="0" bev="0" fileid="18" />
                <SequencePoint vc="0" uspid="559" ordinal="17" offset="135" sl="91" sc="13" el="91" ec="14" bec="0" bev="0" fileid="18" />
                <SequencePoint vc="0" uspid="560" ordinal="18" offset="136" sl="76" sc="33" el="76" ec="35" bec="0" bev="0" fileid="18" />
                <SequencePoint vc="0" uspid="561" ordinal="19" offset="162" sl="92" sc="9" el="92" ec="10" bec="0" bev="0" fileid="18" />
              </SequencePoints>
              <BranchPoints>
                <BranchPoint vc="0" uspid="562" ordinal="0" offset="101" sl="81" path="0" offsetend="103" fileid="18" />
                <BranchPoint vc="0" uspid="563" ordinal="1" offset="101" sl="81" path="1" offsetend="120" fileid="18" />
              </BranchPoints>
              <MethodPoint xsi:type="SequencePoint" vc="0" uspid="542" ordinal="0" offset="0" sl="73" sc="9" el="73" ec="10" bec="0" bev="0" fileid="18" />
            </Method>
            <Method visited="false" cyclomaticComplexity="1" nPathComplexity="0" sequenceCoverage="0" branchCoverage="0" crapScore="2" isConstructor="false" isStatic="false" isGetter="false" isSetter="false">
              <Summary numSequencePoints="3" visitedSequencePoints="0" numBranchPoints="1" visitedBranchPoints="0" sequenceCoverage="0" branchCoverage="0" maxCyclomaticComplexity="1" minCyclomaticComplexity="1" maxCrapScore="2" minCrapScore="2" visitedClasses="0" numClasses="0" visitedMethods="0" numMethods="1" />
              <MetadataToken>100663377</MetadataToken>
              <Name>System.Void StoreWPF.MainWindow::Window_Closing(System.Object,System.ComponentModel.CancelEventArgs)</Name>
              <FileRef uid="18" />
              <SequencePoints>
                <SequencePoint vc="0" uspid="566" ordinal="0" offset="0" sl="100" sc="9" el="100" ec="10" bec="0" bev="0" fileid="18" />
                <SequencePoint vc="0" uspid="567" ordinal="1" offset="1" sl="106" sc="13" el="106" ec="48" bec="0" bev="0" fileid="18" />
                <SequencePoint vc="0" uspid="568" ordinal="2" offset="12" sl="107" sc="9" el="107" ec="10" bec="0" bev="0" fileid="18" />
              </SequencePoints>
              <BranchPoints />
              <MethodPoint xsi:type="SequencePoint" vc="0" uspid="566" ordinal="0" offset="0" sl="100" sc="9" el="100" ec="10" bec="0" bev="0" fileid="18" />
            </Method>
            <Method visited="false" cyclomaticComplexity="1" nPathComplexity="0" sequenceCoverage="0" branchCoverage="0" crapScore="2" isConstructor="false" isStatic="false" isGetter="false" isSetter="false">
              <Summary numSequencePoints="3" visitedSequencePoints="0" numBranchPoints="1" visitedBranchPoints="0" sequenceCoverage="0" branchCoverage="0" maxCyclomaticComplexity="1" minCyclomaticComplexity="1" maxCrapScore="2" minCrapScore="2" visitedClasses="0" numClasses="0" visitedMethods="0" numMethods="1" />
              <MetadataToken>100663378</MetadataToken>
              <Name>System.Void StoreWPF.MainWindow::buttonBasket_Click(System.Object,System.Windows.RoutedEventArgs)</Name>
              <FileRef uid="18" />
              <SequencePoints>
                <SequencePoint vc="0" uspid="569" ordinal="0" offset="0" sl="110" sc="9" el="110" ec="10" bec="0" bev="0" fileid="18" />
                <SequencePoint vc="0" uspid="570" ordinal="1" offset="1" sl="111" sc="13" el="111" ec="31" bec="0" bev="0" fileid="18" />
                <SequencePoint vc="0" uspid="571" ordinal="2" offset="12" sl="112" sc="9" el="112" ec="10" bec="0" bev="0" fileid="18" />
              </SequencePoints>
              <BranchPoints />
              <MethodPoint xsi:type="SequencePoint" vc="0" uspid="569" ordinal="0" offset="0" sl="110" sc="9" el="110" ec="10" bec="0" bev="0" fileid="18" />
            </Method>
          </Methods>
        </Class>
      </Classes>
    </Module>
  </Modules>
</CoverageSession>